2022-08-31 14:24:19,704 INFO [DISTRO-INIT] waiting distro data storage register...

2022-08-31 14:24:20,711 INFO [DISTRO-INIT] load snapshot com.alibaba.nacos.naming.iplist. from 127.0.0.1.8849:8848

2022-08-31 14:24:20,715 ERROR [DISTRO-INIT] load snapshot com.alibaba.nacos.naming.iplist. from 127.0.0.1.8849:8848 failed.

com.alibaba.nacos.core.distributed.distro.exception.DistroException: [DISTRO-EXCEPTION]Get snapshot from 127.0.0.1.8849:8848 failed.
	at com.alibaba.nacos.naming.consistency.ephemeral.distro.component.DistroHttpAgent.getDatumSnapshot(DistroHttpAgent.java:96)
	at com.alibaba.nacos.core.distributed.distro.task.load.DistroLoadDataTask.loadAllDataSnapshotFromRemote(DistroLoadDataTask.java:103)
	at com.alibaba.nacos.core.distributed.distro.task.load.DistroLoadDataTask.load(DistroLoadDataTask.java:87)
	at com.alibaba.nacos.core.distributed.distro.task.load.DistroLoadDataTask.run(DistroLoadDataTask.java:63)
	at java.util.concurrent.Executors$RunnableAdapter.call(Executors.java:511)
	at java.util.concurrent.FutureTask.run(FutureTask.java:266)
	at java.util.concurrent.ScheduledThreadPoolExecutor$ScheduledFutureTask.access$201(ScheduledThreadPoolExecutor.java:180)
	at java.util.concurrent.ScheduledThreadPoolExecutor$ScheduledFutureTask.run(ScheduledThreadPoolExecutor.java:293)
	at java.util.concurrent.ThreadPoolExecutor.runWorker(ThreadPoolExecutor.java:1142)
	at java.util.concurrent.ThreadPoolExecutor$Worker.run(ThreadPoolExecutor.java:617)
	at java.lang.Thread.run(Thread.java:745)
Caused by: java.io.IOException: failed to req API: http://127.0.0.1.8849:8848/nacos/v1/ns/distro/datums. code: 500 msg: java.net.UnknownHostException: 127.0.0.1.8849
	at com.alibaba.nacos.naming.misc.NamingProxy.getAllData(NamingProxy.java:150)
	at com.alibaba.nacos.naming.consistency.ephemeral.distro.component.DistroHttpAgent.getDatumSnapshot(DistroHttpAgent.java:93)
	... 10 common frames omitted
2022-08-31 14:24:20,716 INFO [DISTRO-INIT] load snapshot com.alibaba.nacos.naming.iplist. from 127.0.0.1.8850:8848

2022-08-31 14:24:20,717 ERROR [DISTRO-INIT] load snapshot com.alibaba.nacos.naming.iplist. from 127.0.0.1.8850:8848 failed.

com.alibaba.nacos.core.distributed.distro.exception.DistroException: [DISTRO-EXCEPTION]Get snapshot from 127.0.0.1.8850:8848 failed.
	at com.alibaba.nacos.naming.consistency.ephemeral.distro.component.DistroHttpAgent.getDatumSnapshot(DistroHttpAgent.java:96)
	at com.alibaba.nacos.core.distributed.distro.task.load.DistroLoadDataTask.loadAllDataSnapshotFromRemote(DistroLoadDataTask.java:103)
	at com.alibaba.nacos.core.distributed.distro.task.load.DistroLoadDataTask.load(DistroLoadDataTask.java:87)
	at com.alibaba.nacos.core.distributed.distro.task.load.DistroLoadDataTask.run(DistroLoadDataTask.java:63)
	at java.util.concurrent.Executors$RunnableAdapter.call(Executors.java:511)
	at java.util.concurrent.FutureTask.run(FutureTask.java:266)
	at java.util.concurrent.ScheduledThreadPoolExecutor$ScheduledFutureTask.access$201(ScheduledThreadPoolExecutor.java:180)
	at java.util.concurrent.ScheduledThreadPoolExecutor$ScheduledFutureTask.run(ScheduledThreadPoolExecutor.java:293)
	at java.util.concurrent.ThreadPoolExecutor.runWorker(ThreadPoolExecutor.java:1142)
	at java.util.concurrent.ThreadPoolExecutor$Worker.run(ThreadPoolExecutor.java:617)
	at java.lang.Thread.run(Thread.java:745)
Caused by: java.io.IOException: failed to req API: http://127.0.0.1.8850:8848/nacos/v1/ns/distro/datums. code: 500 msg: java.net.UnknownHostException: 127.0.0.1.8850
	at com.alibaba.nacos.naming.misc.NamingProxy.getAllData(NamingProxy.java:150)
	at com.alibaba.nacos.naming.consistency.ephemeral.distro.component.DistroHttpAgent.getDatumSnapshot(DistroHttpAgent.java:93)
	... 10 common frames omitted
2022-08-31 14:24:20,717 INFO [DISTRO-INIT] load snapshot com.alibaba.nacos.naming.iplist. from 127.0.0.1:8848

2022-08-31 14:24:22,764 ERROR [DISTRO-INIT] load snapshot com.alibaba.nacos.naming.iplist. from 127.0.0.1:8848 failed.

com.alibaba.nacos.core.distributed.distro.exception.DistroException: [DISTRO-EXCEPTION]Get snapshot from 127.0.0.1:8848 failed.
	at com.alibaba.nacos.naming.consistency.ephemeral.distro.component.DistroHttpAgent.getDatumSnapshot(DistroHttpAgent.java:96)
	at com.alibaba.nacos.core.distributed.distro.task.load.DistroLoadDataTask.loadAllDataSnapshotFromRemote(DistroLoadDataTask.java:103)
	at com.alibaba.nacos.core.distributed.distro.task.load.DistroLoadDataTask.load(DistroLoadDataTask.java:87)
	at com.alibaba.nacos.core.distributed.distro.task.load.DistroLoadDataTask.run(DistroLoadDataTask.java:63)
	at java.util.concurrent.Executors$RunnableAdapter.call(Executors.java:511)
	at java.util.concurrent.FutureTask.run(FutureTask.java:266)
	at java.util.concurrent.ScheduledThreadPoolExecutor$ScheduledFutureTask.access$201(ScheduledThreadPoolExecutor.java:180)
	at java.util.concurrent.ScheduledThreadPoolExecutor$ScheduledFutureTask.run(ScheduledThreadPoolExecutor.java:293)
	at java.util.concurrent.ThreadPoolExecutor.runWorker(ThreadPoolExecutor.java:1142)
	at java.util.concurrent.ThreadPoolExecutor$Worker.run(ThreadPoolExecutor.java:617)
	at java.lang.Thread.run(Thread.java:745)
Caused by: java.io.IOException: failed to req API: http://127.0.0.1:8848/nacos/v1/ns/distro/datums. code: 500 msg: org.apache.http.conn.HttpHostConnectException: Connect to 127.0.0.1:8848 [/127.0.0.1] failed: Connection refused: connect
	at com.alibaba.nacos.naming.misc.NamingProxy.getAllData(NamingProxy.java:150)
	at com.alibaba.nacos.naming.consistency.ephemeral.distro.component.DistroHttpAgent.getDatumSnapshot(DistroHttpAgent.java:93)
	... 10 common frames omitted
2022-08-31 14:24:22,765 INFO [DISTRO-INIT] load snapshot com.alibaba.nacos.naming.iplist. from 192.168.16.101:8847

2022-08-31 14:24:27,781 ERROR [DISTRO-INIT] load snapshot com.alibaba.nacos.naming.iplist. from 192.168.16.101:8847 failed.

com.alibaba.nacos.core.distributed.distro.exception.DistroException: [DISTRO-EXCEPTION]Get snapshot from 192.168.16.101:8847 failed.
	at com.alibaba.nacos.naming.consistency.ephemeral.distro.component.DistroHttpAgent.getDatumSnapshot(DistroHttpAgent.java:96)
	at com.alibaba.nacos.core.distributed.distro.task.load.DistroLoadDataTask.loadAllDataSnapshotFromRemote(DistroLoadDataTask.java:103)
	at com.alibaba.nacos.core.distributed.distro.task.load.DistroLoadDataTask.load(DistroLoadDataTask.java:87)
	at com.alibaba.nacos.core.distributed.distro.task.load.DistroLoadDataTask.run(DistroLoadDataTask.java:63)
	at java.util.concurrent.Executors$RunnableAdapter.call(Executors.java:511)
	at java.util.concurrent.FutureTask.run(FutureTask.java:266)
	at java.util.concurrent.ScheduledThreadPoolExecutor$ScheduledFutureTask.access$201(ScheduledThreadPoolExecutor.java:180)
	at java.util.concurrent.ScheduledThreadPoolExecutor$ScheduledFutureTask.run(ScheduledThreadPoolExecutor.java:293)
	at java.util.concurrent.ThreadPoolExecutor.runWorker(ThreadPoolExecutor.java:1142)
	at java.util.concurrent.ThreadPoolExecutor$Worker.run(ThreadPoolExecutor.java:617)
	at java.lang.Thread.run(Thread.java:745)
Caused by: java.io.IOException: failed to req API: http://192.168.16.101:8847/nacos/v1/ns/distro/datums. code: 500 msg: org.apache.http.conn.ConnectTimeoutException: Connect to 192.168.16.101:8847 [/192.168.16.101] failed: connect timed out
	at com.alibaba.nacos.naming.misc.NamingProxy.getAllData(NamingProxy.java:150)
	at com.alibaba.nacos.naming.consistency.ephemeral.distro.component.DistroHttpAgent.getDatumSnapshot(DistroHttpAgent.java:93)
	... 10 common frames omitted
2022-08-31 14:24:27,781 INFO [DISTRO-INIT] load snapshot com.alibaba.nacos.naming.iplist. from 192.168.16.102:8848

2022-08-31 14:24:32,795 ERROR [DISTRO-INIT] load snapshot com.alibaba.nacos.naming.iplist. from 192.168.16.102:8848 failed.

com.alibaba.nacos.core.distributed.distro.exception.DistroException: [DISTRO-EXCEPTION]Get snapshot from 192.168.16.102:8848 failed.
	at com.alibaba.nacos.naming.consistency.ephemeral.distro.component.DistroHttpAgent.getDatumSnapshot(DistroHttpAgent.java:96)
	at com.alibaba.nacos.core.distributed.distro.task.load.DistroLoadDataTask.loadAllDataSnapshotFromRemote(DistroLoadDataTask.java:103)
	at com.alibaba.nacos.core.distributed.distro.task.load.DistroLoadDataTask.load(DistroLoadDataTask.java:87)
	at com.alibaba.nacos.core.distributed.distro.task.load.DistroLoadDataTask.run(DistroLoadDataTask.java:63)
	at java.util.concurrent.Executors$RunnableAdapter.call(Executors.java:511)
	at java.util.concurrent.FutureTask.run(FutureTask.java:266)
	at java.util.concurrent.ScheduledThreadPoolExecutor$ScheduledFutureTask.access$201(ScheduledThreadPoolExecutor.java:180)
	at java.util.concurrent.ScheduledThreadPoolExecutor$ScheduledFutureTask.run(ScheduledThreadPoolExecutor.java:293)
	at java.util.concurrent.ThreadPoolExecutor.runWorker(ThreadPoolExecutor.java:1142)
	at java.util.concurrent.ThreadPoolExecutor$Worker.run(ThreadPoolExecutor.java:617)
	at java.lang.Thread.run(Thread.java:745)
Caused by: java.io.IOException: failed to req API: http://192.168.16.102:8848/nacos/v1/ns/distro/datums. code: 500 msg: org.apache.http.conn.ConnectTimeoutException: Connect to 192.168.16.102:8848 [/192.168.16.102] failed: connect timed out
	at com.alibaba.nacos.naming.misc.NamingProxy.getAllData(NamingProxy.java:150)
	at com.alibaba.nacos.naming.consistency.ephemeral.distro.component.DistroHttpAgent.getDatumSnapshot(DistroHttpAgent.java:93)
	... 10 common frames omitted
2022-08-31 14:24:32,795 INFO [DISTRO-INIT] load snapshot com.alibaba.nacos.naming.iplist. from 192.168.16.103:8848

2022-08-31 14:24:37,810 ERROR [DISTRO-INIT] load snapshot com.alibaba.nacos.naming.iplist. from 192.168.16.103:8848 failed.

com.alibaba.nacos.core.distributed.distro.exception.DistroException: [DISTRO-EXCEPTION]Get snapshot from 192.168.16.103:8848 failed.
	at com.alibaba.nacos.naming.consistency.ephemeral.distro.component.DistroHttpAgent.getDatumSnapshot(DistroHttpAgent.java:96)
	at com.alibaba.nacos.core.distributed.distro.task.load.DistroLoadDataTask.loadAllDataSnapshotFromRemote(DistroLoadDataTask.java:103)
	at com.alibaba.nacos.core.distributed.distro.task.load.DistroLoadDataTask.load(DistroLoadDataTask.java:87)
	at com.alibaba.nacos.core.distributed.distro.task.load.DistroLoadDataTask.run(DistroLoadDataTask.java:63)
	at java.util.concurrent.Executors$RunnableAdapter.call(Executors.java:511)
	at java.util.concurrent.FutureTask.run(FutureTask.java:266)
	at java.util.concurrent.ScheduledThreadPoolExecutor$ScheduledFutureTask.access$201(ScheduledThreadPoolExecutor.java:180)
	at java.util.concurrent.ScheduledThreadPoolExecutor$ScheduledFutureTask.run(ScheduledThreadPoolExecutor.java:293)
	at java.util.concurrent.ThreadPoolExecutor.runWorker(ThreadPoolExecutor.java:1142)
	at java.util.concurrent.ThreadPoolExecutor$Worker.run(ThreadPoolExecutor.java:617)
	at java.lang.Thread.run(Thread.java:745)
Caused by: java.io.IOException: failed to req API: http://192.168.16.103:8848/nacos/v1/ns/distro/datums. code: 500 msg: org.apache.http.conn.ConnectTimeoutException: Connect to 192.168.16.103:8848 [/192.168.16.103] failed: connect timed out
	at com.alibaba.nacos.naming.misc.NamingProxy.getAllData(NamingProxy.java:150)
	at com.alibaba.nacos.naming.consistency.ephemeral.distro.component.DistroHttpAgent.getDatumSnapshot(DistroHttpAgent.java:93)
	... 10 common frames omitted
2022-08-31 14:25:07,826 INFO [DISTRO-INIT] load snapshot com.alibaba.nacos.naming.iplist. from 127.0.0.1.8849:8848

2022-08-31 14:25:07,827 ERROR [DISTRO-INIT] load snapshot com.alibaba.nacos.naming.iplist. from 127.0.0.1.8849:8848 failed.

com.alibaba.nacos.core.distributed.distro.exception.DistroException: [DISTRO-EXCEPTION]Get snapshot from 127.0.0.1.8849:8848 failed.
	at com.alibaba.nacos.naming.consistency.ephemeral.distro.component.DistroHttpAgent.getDatumSnapshot(DistroHttpAgent.java:96)
	at com.alibaba.nacos.core.distributed.distro.task.load.DistroLoadDataTask.loadAllDataSnapshotFromRemote(DistroLoadDataTask.java:103)
	at com.alibaba.nacos.core.distributed.distro.task.load.DistroLoadDataTask.load(DistroLoadDataTask.java:87)
	at com.alibaba.nacos.core.distributed.distro.task.load.DistroLoadDataTask.run(DistroLoadDataTask.java:63)
	at java.util.concurrent.Executors$RunnableAdapter.call(Executors.java:511)
	at java.util.concurrent.FutureTask.run(FutureTask.java:266)
	at java.util.concurrent.ScheduledThreadPoolExecutor$ScheduledFutureTask.access$201(ScheduledThreadPoolExecutor.java:180)
	at java.util.concurrent.ScheduledThreadPoolExecutor$ScheduledFutureTask.run(ScheduledThreadPoolExecutor.java:293)
	at java.util.concurrent.ThreadPoolExecutor.runWorker(ThreadPoolExecutor.java:1142)
	at java.util.concurrent.ThreadPoolExecutor$Worker.run(ThreadPoolExecutor.java:617)
	at java.lang.Thread.run(Thread.java:745)
Caused by: java.io.IOException: failed to req API: http://127.0.0.1.8849:8848/nacos/v1/ns/distro/datums. code: 500 msg: java.net.UnknownHostException: 127.0.0.1.8849
	at com.alibaba.nacos.naming.misc.NamingProxy.getAllData(NamingProxy.java:150)
	at com.alibaba.nacos.naming.consistency.ephemeral.distro.component.DistroHttpAgent.getDatumSnapshot(DistroHttpAgent.java:93)
	... 10 common frames omitted
2022-08-31 14:25:07,827 INFO [DISTRO-INIT] load snapshot com.alibaba.nacos.naming.iplist. from 127.0.0.1.8850:8848

2022-08-31 14:25:07,828 ERROR [DISTRO-INIT] load snapshot com.alibaba.nacos.naming.iplist. from 127.0.0.1.8850:8848 failed.

com.alibaba.nacos.core.distributed.distro.exception.DistroException: [DISTRO-EXCEPTION]Get snapshot from 127.0.0.1.8850:8848 failed.
	at com.alibaba.nacos.naming.consistency.ephemeral.distro.component.DistroHttpAgent.getDatumSnapshot(DistroHttpAgent.java:96)
	at com.alibaba.nacos.core.distributed.distro.task.load.DistroLoadDataTask.loadAllDataSnapshotFromRemote(DistroLoadDataTask.java:103)
	at com.alibaba.nacos.core.distributed.distro.task.load.DistroLoadDataTask.load(DistroLoadDataTask.java:87)
	at com.alibaba.nacos.core.distributed.distro.task.load.DistroLoadDataTask.run(DistroLoadDataTask.java:63)
	at java.util.concurrent.Executors$RunnableAdapter.call(Executors.java:511)
	at java.util.concurrent.FutureTask.run(FutureTask.java:266)
	at java.util.concurrent.ScheduledThreadPoolExecutor$ScheduledFutureTask.access$201(ScheduledThreadPoolExecutor.java:180)
	at java.util.concurrent.ScheduledThreadPoolExecutor$ScheduledFutureTask.run(ScheduledThreadPoolExecutor.java:293)
	at java.util.concurrent.ThreadPoolExecutor.runWorker(ThreadPoolExecutor.java:1142)
	at java.util.concurrent.ThreadPoolExecutor$Worker.run(ThreadPoolExecutor.java:617)
	at java.lang.Thread.run(Thread.java:745)
Caused by: java.io.IOException: failed to req API: http://127.0.0.1.8850:8848/nacos/v1/ns/distro/datums. code: 500 msg: java.net.UnknownHostException: 127.0.0.1.8850
	at com.alibaba.nacos.naming.misc.NamingProxy.getAllData(NamingProxy.java:150)
	at com.alibaba.nacos.naming.consistency.ephemeral.distro.component.DistroHttpAgent.getDatumSnapshot(DistroHttpAgent.java:93)
	... 10 common frames omitted
2022-08-31 14:25:07,828 INFO [DISTRO-INIT] load snapshot com.alibaba.nacos.naming.iplist. from 127.0.0.1:8848

2022-08-31 14:25:07,966 INFO [DISTRO-INIT] load snapshot com.alibaba.nacos.naming.iplist. from 127.0.0.1:8848 result: true

2022-08-31 14:25:07,967 INFO [DISTRO-INIT] load snapshot data success

2022-08-31 14:25:40,067 INFO [DISTRO-START] DistroSyncChangeTask for DistroHttpCombinedKey-0{actualResourceTypes=[com.alibaba.nacos.naming.iplist.ephemeral.public##DEFAULT_GROUP@@config-client-a]} to 192.168.16.101:8847

2022-08-31 14:25:40,067 INFO [DISTRO-START] DistroSyncChangeTask for DistroHttpCombinedKey-0{actualResourceTypes=[com.alibaba.nacos.naming.iplist.ephemeral.public##DEFAULT_GROUP@@config-client-a]} to 192.168.16.103:8848

2022-08-31 14:25:40,067 INFO [DISTRO-START] DistroSyncChangeTask for DistroHttpCombinedKey-0{actualResourceTypes=[com.alibaba.nacos.naming.iplist.ephemeral.public##DEFAULT_GROUP@@config-client-a]} to 127.0.0.1:8848

2022-08-31 14:25:40,067 INFO [DISTRO-START] DistroSyncChangeTask for DistroHttpCombinedKey-0{actualResourceTypes=[com.alibaba.nacos.naming.iplist.ephemeral.public##DEFAULT_GROUP@@config-client-a]} to 127.0.0.1.8850:8848

2022-08-31 14:25:40,067 INFO [DISTRO-START] DistroSyncChangeTask for DistroHttpCombinedKey-0{actualResourceTypes=[com.alibaba.nacos.naming.iplist.ephemeral.public##DEFAULT_GROUP@@config-client-a]} to 127.0.0.1.8849:8848

2022-08-31 14:25:40,070 INFO [DISTRO-END] DistroSyncChangeTask for DistroHttpCombinedKey-0{actualResourceTypes=[com.alibaba.nacos.naming.iplist.ephemeral.public##DEFAULT_GROUP@@config-client-a]} to 127.0.0.1.8849:8848 result: false

2022-08-31 14:25:40,070 INFO [DISTRO-END] DistroSyncChangeTask for DistroHttpCombinedKey-0{actualResourceTypes=[com.alibaba.nacos.naming.iplist.ephemeral.public##DEFAULT_GROUP@@config-client-a]} to 127.0.0.1.8850:8848 result: false

2022-08-31 14:25:40,072 INFO [DISTRO-END] DistroSyncChangeTask for DistroHttpCombinedKey-0{actualResourceTypes=[com.alibaba.nacos.naming.iplist.ephemeral.public##DEFAULT_GROUP@@config-client-a]} to 127.0.0.1:8848 result: true

2022-08-31 14:25:46,149 INFO [DISTRO-START] DistroSyncChangeTask for DistroHttpCombinedKey-0{actualResourceTypes=[com.alibaba.nacos.naming.iplist.ephemeral.public##DEFAULT_GROUP@@config-client-a]} to 127.0.0.1.8850:8848

2022-08-31 14:25:46,149 INFO [DISTRO-START] DistroSyncChangeTask for DistroHttpCombinedKey-0{actualResourceTypes=[com.alibaba.nacos.naming.iplist.ephemeral.public##DEFAULT_GROUP@@config-client-a]} to 127.0.0.1.8849:8848

2022-08-31 14:25:46,151 INFO [DISTRO-END] DistroSyncChangeTask for DistroHttpCombinedKey-0{actualResourceTypes=[com.alibaba.nacos.naming.iplist.ephemeral.public##DEFAULT_GROUP@@config-client-a]} to 127.0.0.1.8850:8848 result: false

2022-08-31 14:25:46,151 INFO [DISTRO-END] DistroSyncChangeTask for DistroHttpCombinedKey-0{actualResourceTypes=[com.alibaba.nacos.naming.iplist.ephemeral.public##DEFAULT_GROUP@@config-client-a]} to 127.0.0.1.8849:8848 result: false

2022-08-31 14:25:52,253 INFO [DISTRO-START] DistroSyncChangeTask for DistroHttpCombinedKey-0{actualResourceTypes=[com.alibaba.nacos.naming.iplist.ephemeral.public##DEFAULT_GROUP@@config-client-a]} to 127.0.0.1.8850:8848

2022-08-31 14:25:52,253 INFO [DISTRO-START] DistroSyncChangeTask for DistroHttpCombinedKey-0{actualResourceTypes=[com.alibaba.nacos.naming.iplist.ephemeral.public##DEFAULT_GROUP@@config-client-a]} to 127.0.0.1.8849:8848

2022-08-31 14:25:52,254 INFO [DISTRO-END] DistroSyncChangeTask for DistroHttpCombinedKey-0{actualResourceTypes=[com.alibaba.nacos.naming.iplist.ephemeral.public##DEFAULT_GROUP@@config-client-a]} to 127.0.0.1.8850:8848 result: false

2022-08-31 14:25:52,254 INFO [DISTRO-END] DistroSyncChangeTask for DistroHttpCombinedKey-0{actualResourceTypes=[com.alibaba.nacos.naming.iplist.ephemeral.public##DEFAULT_GROUP@@config-client-a]} to 127.0.0.1.8849:8848 result: false

2022-08-31 14:25:58,410 INFO [DISTRO-START] DistroSyncChangeTask for DistroHttpCombinedKey-0{actualResourceTypes=[com.alibaba.nacos.naming.iplist.ephemeral.public##DEFAULT_GROUP@@config-client-a]} to 127.0.0.1.8849:8848

2022-08-31 14:25:58,410 INFO [DISTRO-START] DistroSyncChangeTask for DistroHttpCombinedKey-0{actualResourceTypes=[com.alibaba.nacos.naming.iplist.ephemeral.public##DEFAULT_GROUP@@config-client-a]} to 127.0.0.1.8850:8848

2022-08-31 14:25:58,412 INFO [DISTRO-END] DistroSyncChangeTask for DistroHttpCombinedKey-0{actualResourceTypes=[com.alibaba.nacos.naming.iplist.ephemeral.public##DEFAULT_GROUP@@config-client-a]} to 127.0.0.1.8849:8848 result: false

2022-08-31 14:25:58,412 INFO [DISTRO-END] DistroSyncChangeTask for DistroHttpCombinedKey-0{actualResourceTypes=[com.alibaba.nacos.naming.iplist.ephemeral.public##DEFAULT_GROUP@@config-client-a]} to 127.0.0.1.8850:8848 result: false

2022-08-31 14:26:01,095 INFO [DISTRO-END] DistroSyncChangeTask for DistroHttpCombinedKey-0{actualResourceTypes=[com.alibaba.nacos.naming.iplist.ephemeral.public##DEFAULT_GROUP@@config-client-a]} to 192.168.16.103:8848 result: false

2022-08-31 14:26:01,095 WARN distro task DistroSyncChangeTask for DistroHttpCombinedKey-0{actualResourceTypes=[com.alibaba.nacos.naming.iplist.ephemeral.public##DEFAULT_GROUP@@config-client-a]} to 192.168.16.103:8848 takes 21028ms

2022-08-31 14:26:01,110 INFO [DISTRO-END] DistroSyncChangeTask for DistroHttpCombinedKey-0{actualResourceTypes=[com.alibaba.nacos.naming.iplist.ephemeral.public##DEFAULT_GROUP@@config-client-a]} to 192.168.16.101:8847 result: false

2022-08-31 14:26:01,110 WARN distro task DistroSyncChangeTask for DistroHttpCombinedKey-0{actualResourceTypes=[com.alibaba.nacos.naming.iplist.ephemeral.public##DEFAULT_GROUP@@config-client-a]} to 192.168.16.101:8847 takes 21043ms

2022-08-31 14:26:01,110 INFO [DISTRO-START] DistroSyncChangeTask for DistroHttpCombinedKey-0{actualResourceTypes=[com.alibaba.nacos.naming.iplist.ephemeral.public##DEFAULT_GROUP@@config-client-a]} to 192.168.16.102:8848

2022-08-31 14:26:04,496 INFO [DISTRO-START] DistroSyncChangeTask for DistroHttpCombinedKey-0{actualResourceTypes=[com.alibaba.nacos.naming.iplist.ephemeral.public##DEFAULT_GROUP@@config-client-a]} to 127.0.0.1.8849:8848

2022-08-31 14:26:04,496 INFO [DISTRO-START] DistroSyncChangeTask for DistroHttpCombinedKey-0{actualResourceTypes=[com.alibaba.nacos.naming.iplist.ephemeral.public##DEFAULT_GROUP@@config-client-a]} to 127.0.0.1.8850:8848

2022-08-31 14:26:04,498 INFO [DISTRO-END] DistroSyncChangeTask for DistroHttpCombinedKey-0{actualResourceTypes=[com.alibaba.nacos.naming.iplist.ephemeral.public##DEFAULT_GROUP@@config-client-a]} to 127.0.0.1.8850:8848 result: false

2022-08-31 14:26:04,498 INFO [DISTRO-END] DistroSyncChangeTask for DistroHttpCombinedKey-0{actualResourceTypes=[com.alibaba.nacos.naming.iplist.ephemeral.public##DEFAULT_GROUP@@config-client-a]} to 127.0.0.1.8849:8848 result: false

2022-08-31 14:26:07,220 INFO [DISTRO-START] DistroSyncChangeTask for DistroHttpCombinedKey-0{actualResourceTypes=[com.alibaba.nacos.naming.iplist.ephemeral.public##DEFAULT_GROUP@@config-client-a]} to 192.168.16.103:8848

2022-08-31 14:26:10,590 INFO [DISTRO-START] DistroSyncChangeTask for DistroHttpCombinedKey-0{actualResourceTypes=[com.alibaba.nacos.naming.iplist.ephemeral.public##DEFAULT_GROUP@@config-client-a]} to 127.0.0.1.8849:8848

2022-08-31 14:26:10,590 INFO [DISTRO-START] DistroSyncChangeTask for DistroHttpCombinedKey-0{actualResourceTypes=[com.alibaba.nacos.naming.iplist.ephemeral.public##DEFAULT_GROUP@@config-client-a]} to 127.0.0.1.8850:8848

2022-08-31 14:26:10,592 INFO [DISTRO-END] DistroSyncChangeTask for DistroHttpCombinedKey-0{actualResourceTypes=[com.alibaba.nacos.naming.iplist.ephemeral.public##DEFAULT_GROUP@@config-client-a]} to 127.0.0.1.8849:8848 result: false

2022-08-31 14:26:10,592 INFO [DISTRO-END] DistroSyncChangeTask for DistroHttpCombinedKey-0{actualResourceTypes=[com.alibaba.nacos.naming.iplist.ephemeral.public##DEFAULT_GROUP@@config-client-a]} to 127.0.0.1.8850:8848 result: false

2022-08-31 14:26:16,788 INFO [DISTRO-START] DistroSyncChangeTask for DistroHttpCombinedKey-0{actualResourceTypes=[com.alibaba.nacos.naming.iplist.ephemeral.public##DEFAULT_GROUP@@config-client-a]} to 127.0.0.1.8850:8848

2022-08-31 14:26:16,788 INFO [DISTRO-START] DistroSyncChangeTask for DistroHttpCombinedKey-0{actualResourceTypes=[com.alibaba.nacos.naming.iplist.ephemeral.public##DEFAULT_GROUP@@config-client-a]} to 127.0.0.1.8849:8848

2022-08-31 14:26:16,790 INFO [DISTRO-END] DistroSyncChangeTask for DistroHttpCombinedKey-0{actualResourceTypes=[com.alibaba.nacos.naming.iplist.ephemeral.public##DEFAULT_GROUP@@config-client-a]} to 127.0.0.1.8850:8848 result: false

2022-08-31 14:26:16,790 INFO [DISTRO-END] DistroSyncChangeTask for DistroHttpCombinedKey-0{actualResourceTypes=[com.alibaba.nacos.naming.iplist.ephemeral.public##DEFAULT_GROUP@@config-client-a]} to 127.0.0.1.8849:8848 result: false

2022-08-31 14:26:22,164 INFO [DISTRO-END] DistroSyncChangeTask for DistroHttpCombinedKey-0{actualResourceTypes=[com.alibaba.nacos.naming.iplist.ephemeral.public##DEFAULT_GROUP@@config-client-a]} to 192.168.16.102:8848 result: false

2022-08-31 14:26:22,164 WARN distro task DistroSyncChangeTask for DistroHttpCombinedKey-0{actualResourceTypes=[com.alibaba.nacos.naming.iplist.ephemeral.public##DEFAULT_GROUP@@config-client-a]} to 192.168.16.102:8848 takes 21054ms

2022-08-31 14:26:22,164 INFO [DISTRO-START] DistroSyncChangeTask for DistroHttpCombinedKey-0{actualResourceTypes=[com.alibaba.nacos.naming.iplist.ephemeral.public##DEFAULT_GROUP@@config-client-a]} to 192.168.16.101:8847

2022-08-31 14:26:22,987 INFO [DISTRO-START] DistroSyncChangeTask for DistroHttpCombinedKey-0{actualResourceTypes=[com.alibaba.nacos.naming.iplist.ephemeral.public##DEFAULT_GROUP@@config-client-a]} to 127.0.0.1.8849:8848

2022-08-31 14:26:22,987 INFO [DISTRO-START] DistroSyncChangeTask for DistroHttpCombinedKey-0{actualResourceTypes=[com.alibaba.nacos.naming.iplist.ephemeral.public##DEFAULT_GROUP@@config-client-a]} to 127.0.0.1.8850:8848

2022-08-31 14:26:22,988 INFO [DISTRO-END] DistroSyncChangeTask for DistroHttpCombinedKey-0{actualResourceTypes=[com.alibaba.nacos.naming.iplist.ephemeral.public##DEFAULT_GROUP@@config-client-a]} to 127.0.0.1.8850:8848 result: false

2022-08-31 14:26:22,988 INFO [DISTRO-END] DistroSyncChangeTask for DistroHttpCombinedKey-0{actualResourceTypes=[com.alibaba.nacos.naming.iplist.ephemeral.public##DEFAULT_GROUP@@config-client-a]} to 127.0.0.1.8849:8848 result: false

2022-08-31 14:26:28,250 INFO [DISTRO-END] DistroSyncChangeTask for DistroHttpCombinedKey-0{actualResourceTypes=[com.alibaba.nacos.naming.iplist.ephemeral.public##DEFAULT_GROUP@@config-client-a]} to 192.168.16.103:8848 result: false

2022-08-31 14:26:28,250 WARN distro task DistroSyncChangeTask for DistroHttpCombinedKey-0{actualResourceTypes=[com.alibaba.nacos.naming.iplist.ephemeral.public##DEFAULT_GROUP@@config-client-a]} to 192.168.16.103:8848 takes 21030ms

2022-08-31 14:26:29,170 INFO [DISTRO-START] DistroSyncChangeTask for DistroHttpCombinedKey-0{actualResourceTypes=[com.alibaba.nacos.naming.iplist.ephemeral.public##DEFAULT_GROUP@@config-client-a]} to 127.0.0.1.8849:8848

2022-08-31 14:26:29,170 INFO [DISTRO-START] DistroSyncChangeTask for DistroHttpCombinedKey-0{actualResourceTypes=[com.alibaba.nacos.naming.iplist.ephemeral.public##DEFAULT_GROUP@@config-client-a]} to 127.0.0.1.8850:8848

2022-08-31 14:26:29,172 INFO [DISTRO-END] DistroSyncChangeTask for DistroHttpCombinedKey-0{actualResourceTypes=[com.alibaba.nacos.naming.iplist.ephemeral.public##DEFAULT_GROUP@@config-client-a]} to 127.0.0.1.8850:8848 result: false

2022-08-31 14:26:29,172 INFO [DISTRO-END] DistroSyncChangeTask for DistroHttpCombinedKey-0{actualResourceTypes=[com.alibaba.nacos.naming.iplist.ephemeral.public##DEFAULT_GROUP@@config-client-a]} to 127.0.0.1.8849:8848 result: false

2022-08-31 14:26:34,380 INFO [DISTRO-START] DistroSyncChangeTask for DistroHttpCombinedKey-0{actualResourceTypes=[com.alibaba.nacos.naming.iplist.ephemeral.public##DEFAULT_GROUP@@config-client-a]} to 192.168.16.103:8848

2022-08-31 14:26:35,364 INFO [DISTRO-START] DistroSyncChangeTask for DistroHttpCombinedKey-0{actualResourceTypes=[com.alibaba.nacos.naming.iplist.ephemeral.public##DEFAULT_GROUP@@config-client-a]} to 127.0.0.1.8849:8848

2022-08-31 14:26:35,364 INFO [DISTRO-START] DistroSyncChangeTask for DistroHttpCombinedKey-0{actualResourceTypes=[com.alibaba.nacos.naming.iplist.ephemeral.public##DEFAULT_GROUP@@config-client-a]} to 127.0.0.1.8850:8848

2022-08-31 14:26:35,365 INFO [DISTRO-END] DistroSyncChangeTask for DistroHttpCombinedKey-0{actualResourceTypes=[com.alibaba.nacos.naming.iplist.ephemeral.public##DEFAULT_GROUP@@config-client-a]} to 127.0.0.1.8850:8848 result: false

2022-08-31 14:26:35,365 INFO [DISTRO-END] DistroSyncChangeTask for DistroHttpCombinedKey-0{actualResourceTypes=[com.alibaba.nacos.naming.iplist.ephemeral.public##DEFAULT_GROUP@@config-client-a]} to 127.0.0.1.8849:8848 result: false

2022-08-31 14:26:41,464 INFO [DISTRO-START] DistroSyncChangeTask for DistroHttpCombinedKey-0{actualResourceTypes=[com.alibaba.nacos.naming.iplist.ephemeral.public##DEFAULT_GROUP@@config-client-a]} to 127.0.0.1.8850:8848

2022-08-31 14:26:41,464 INFO [DISTRO-START] DistroSyncChangeTask for DistroHttpCombinedKey-0{actualResourceTypes=[com.alibaba.nacos.naming.iplist.ephemeral.public##DEFAULT_GROUP@@config-client-a]} to 127.0.0.1.8849:8848

2022-08-31 14:26:41,466 INFO [DISTRO-END] DistroSyncChangeTask for DistroHttpCombinedKey-0{actualResourceTypes=[com.alibaba.nacos.naming.iplist.ephemeral.public##DEFAULT_GROUP@@config-client-a]} to 127.0.0.1.8850:8848 result: false

2022-08-31 14:26:41,466 INFO [DISTRO-END] DistroSyncChangeTask for DistroHttpCombinedKey-0{actualResourceTypes=[com.alibaba.nacos.naming.iplist.ephemeral.public##DEFAULT_GROUP@@config-client-a]} to 127.0.0.1.8849:8848 result: false

2022-08-31 14:26:43,201 INFO [DISTRO-END] DistroSyncChangeTask for DistroHttpCombinedKey-0{actualResourceTypes=[com.alibaba.nacos.naming.iplist.ephemeral.public##DEFAULT_GROUP@@config-client-a]} to 192.168.16.101:8847 result: false

2022-08-31 14:26:43,201 WARN distro task DistroSyncChangeTask for DistroHttpCombinedKey-0{actualResourceTypes=[com.alibaba.nacos.naming.iplist.ephemeral.public##DEFAULT_GROUP@@config-client-a]} to 192.168.16.101:8847 takes 21037ms

2022-08-31 14:26:43,201 INFO [DISTRO-START] DistroSyncChangeTask for DistroHttpCombinedKey-0{actualResourceTypes=[com.alibaba.nacos.naming.iplist.ephemeral.public##DEFAULT_GROUP@@config-client-a]} to 192.168.16.102:8848

2022-08-31 14:26:47,663 INFO [DISTRO-START] DistroSyncChangeTask for DistroHttpCombinedKey-0{actualResourceTypes=[com.alibaba.nacos.naming.iplist.ephemeral.public##DEFAULT_GROUP@@config-client-a]} to 127.0.0.1.8850:8848

2022-08-31 14:26:47,663 INFO [DISTRO-START] DistroSyncChangeTask for DistroHttpCombinedKey-0{actualResourceTypes=[com.alibaba.nacos.naming.iplist.ephemeral.public##DEFAULT_GROUP@@config-client-a]} to 127.0.0.1.8849:8848

2022-08-31 14:26:47,664 INFO [DISTRO-END] DistroSyncChangeTask for DistroHttpCombinedKey-0{actualResourceTypes=[com.alibaba.nacos.naming.iplist.ephemeral.public##DEFAULT_GROUP@@config-client-a]} to 127.0.0.1.8849:8848 result: false

2022-08-31 14:26:47,664 INFO [DISTRO-END] DistroSyncChangeTask for DistroHttpCombinedKey-0{actualResourceTypes=[com.alibaba.nacos.naming.iplist.ephemeral.public##DEFAULT_GROUP@@config-client-a]} to 127.0.0.1.8850:8848 result: false

2022-08-31 14:26:53,774 INFO [DISTRO-START] DistroSyncChangeTask for DistroHttpCombinedKey-0{actualResourceTypes=[com.alibaba.nacos.naming.iplist.ephemeral.public##DEFAULT_GROUP@@config-client-a]} to 127.0.0.1.8850:8848

2022-08-31 14:26:53,774 INFO [DISTRO-START] DistroSyncChangeTask for DistroHttpCombinedKey-0{actualResourceTypes=[com.alibaba.nacos.naming.iplist.ephemeral.public##DEFAULT_GROUP@@config-client-a]} to 127.0.0.1.8849:8848

2022-08-31 14:26:53,775 INFO [DISTRO-END] DistroSyncChangeTask for DistroHttpCombinedKey-0{actualResourceTypes=[com.alibaba.nacos.naming.iplist.ephemeral.public##DEFAULT_GROUP@@config-client-a]} to 127.0.0.1.8850:8848 result: false

2022-08-31 14:26:53,775 INFO [DISTRO-END] DistroSyncChangeTask for DistroHttpCombinedKey-0{actualResourceTypes=[com.alibaba.nacos.naming.iplist.ephemeral.public##DEFAULT_GROUP@@config-client-a]} to 127.0.0.1.8849:8848 result: false

2022-08-31 14:26:55,427 INFO [DISTRO-END] DistroSyncChangeTask for DistroHttpCombinedKey-0{actualResourceTypes=[com.alibaba.nacos.naming.iplist.ephemeral.public##DEFAULT_GROUP@@config-client-a]} to 192.168.16.103:8848 result: false

2022-08-31 14:26:55,427 WARN distro task DistroSyncChangeTask for DistroHttpCombinedKey-0{actualResourceTypes=[com.alibaba.nacos.naming.iplist.ephemeral.public##DEFAULT_GROUP@@config-client-a]} to 192.168.16.103:8848 takes 21047ms

2022-08-31 14:26:59,887 INFO [DISTRO-START] DistroSyncChangeTask for DistroHttpCombinedKey-0{actualResourceTypes=[com.alibaba.nacos.naming.iplist.ephemeral.public##DEFAULT_GROUP@@config-client-a]} to 127.0.0.1.8849:8848

2022-08-31 14:26:59,887 INFO [DISTRO-START] DistroSyncChangeTask for DistroHttpCombinedKey-0{actualResourceTypes=[com.alibaba.nacos.naming.iplist.ephemeral.public##DEFAULT_GROUP@@config-client-a]} to 127.0.0.1.8850:8848

2022-08-31 14:26:59,888 INFO [DISTRO-END] DistroSyncChangeTask for DistroHttpCombinedKey-0{actualResourceTypes=[com.alibaba.nacos.naming.iplist.ephemeral.public##DEFAULT_GROUP@@config-client-a]} to 127.0.0.1.8850:8848 result: false

2022-08-31 14:26:59,888 INFO [DISTRO-END] DistroSyncChangeTask for DistroHttpCombinedKey-0{actualResourceTypes=[com.alibaba.nacos.naming.iplist.ephemeral.public##DEFAULT_GROUP@@config-client-a]} to 127.0.0.1.8849:8848 result: false

2022-08-31 14:27:01,529 INFO [DISTRO-START] DistroSyncChangeTask for DistroHttpCombinedKey-0{actualResourceTypes=[com.alibaba.nacos.naming.iplist.ephemeral.public##DEFAULT_GROUP@@config-client-a]} to 192.168.16.103:8848

2022-08-31 14:27:04,255 INFO [DISTRO-END] DistroSyncChangeTask for DistroHttpCombinedKey-0{actualResourceTypes=[com.alibaba.nacos.naming.iplist.ephemeral.public##DEFAULT_GROUP@@config-client-a]} to 192.168.16.102:8848 result: false

2022-08-31 14:27:04,255 WARN distro task DistroSyncChangeTask for DistroHttpCombinedKey-0{actualResourceTypes=[com.alibaba.nacos.naming.iplist.ephemeral.public##DEFAULT_GROUP@@config-client-a]} to 192.168.16.102:8848 takes 21054ms

2022-08-31 14:27:04,255 INFO [DISTRO-START] DistroSyncChangeTask for DistroHttpCombinedKey-0{actualResourceTypes=[com.alibaba.nacos.naming.iplist.ephemeral.public##DEFAULT_GROUP@@config-client-a]} to 192.168.16.101:8847

2022-08-31 14:27:06,014 INFO [DISTRO-START] DistroSyncChangeTask for DistroHttpCombinedKey-0{actualResourceTypes=[com.alibaba.nacos.naming.iplist.ephemeral.public##DEFAULT_GROUP@@config-client-a]} to 127.0.0.1.8849:8848

2022-08-31 14:27:06,014 INFO [DISTRO-START] DistroSyncChangeTask for DistroHttpCombinedKey-0{actualResourceTypes=[com.alibaba.nacos.naming.iplist.ephemeral.public##DEFAULT_GROUP@@config-client-a]} to 127.0.0.1.8850:8848

2022-08-31 14:27:06,015 INFO [DISTRO-END] DistroSyncChangeTask for DistroHttpCombinedKey-0{actualResourceTypes=[com.alibaba.nacos.naming.iplist.ephemeral.public##DEFAULT_GROUP@@config-client-a]} to 127.0.0.1.8850:8848 result: false

2022-08-31 14:27:06,015 INFO [DISTRO-END] DistroSyncChangeTask for DistroHttpCombinedKey-0{actualResourceTypes=[com.alibaba.nacos.naming.iplist.ephemeral.public##DEFAULT_GROUP@@config-client-a]} to 127.0.0.1.8849:8848 result: false

2022-08-31 14:27:12,128 INFO [DISTRO-START] DistroSyncChangeTask for DistroHttpCombinedKey-0{actualResourceTypes=[com.alibaba.nacos.naming.iplist.ephemeral.public##DEFAULT_GROUP@@config-client-a]} to 127.0.0.1.8850:8848

2022-08-31 14:27:12,128 INFO [DISTRO-START] DistroSyncChangeTask for DistroHttpCombinedKey-0{actualResourceTypes=[com.alibaba.nacos.naming.iplist.ephemeral.public##DEFAULT_GROUP@@config-client-a]} to 127.0.0.1.8849:8848

2022-08-31 14:27:12,129 INFO [DISTRO-END] DistroSyncChangeTask for DistroHttpCombinedKey-0{actualResourceTypes=[com.alibaba.nacos.naming.iplist.ephemeral.public##DEFAULT_GROUP@@config-client-a]} to 127.0.0.1.8849:8848 result: false

2022-08-31 14:27:12,129 INFO [DISTRO-END] DistroSyncChangeTask for DistroHttpCombinedKey-0{actualResourceTypes=[com.alibaba.nacos.naming.iplist.ephemeral.public##DEFAULT_GROUP@@config-client-a]} to 127.0.0.1.8850:8848 result: false

2022-08-31 14:27:40,247 INFO [DISTRO-INIT] waiting distro data storage register...

2022-08-31 14:27:41,253 INFO [DISTRO-INIT] load snapshot com.alibaba.nacos.naming.iplist. from 127.0.0.1:8848

2022-08-31 14:27:41,315 INFO [DISTRO-INIT] load snapshot com.alibaba.nacos.naming.iplist. from 127.0.0.1:8848 result: true

2022-08-31 14:27:41,315 INFO [DISTRO-INIT] load snapshot data success

