2022-08-31 09:23:27,466 INFO notifyConnectTimeout:200

2022-08-31 09:23:27,475 INFO notifySocketTimeout:8000

2022-08-31 09:23:27,475 INFO isHealthCheck:true

2022-08-31 09:23:27,475 INFO maxHealthCheckFailCount:12

2022-08-31 09:23:27,475 INFO maxContent:10485760

2022-08-31 09:23:31,266 INFO use local db service for init

2022-08-31 09:23:34,403 WARN Lexical error at line 4, column 66.  Encountered: <EOF> after : "".

2022-08-31 09:23:34,406 WARN Syntax error: Encountered "*" at line 1, column 1.

2022-08-31 09:23:34,508 WARN Table/View 'CONFIG_INFO' already exists in Schema 'NACOS'.

2022-08-31 09:23:34,599 WARN Table/View 'HIS_CONFIG_INFO' already exists in Schema 'NACOS'.

2022-08-31 09:23:34,701 WARN Table/View 'CONFIG_INFO_BETA' already exists in Schema 'NACOS'.

2022-08-31 09:23:34,777 WARN Table/View 'CONFIG_INFO_TAG' already exists in Schema 'NACOS'.

2022-08-31 09:23:34,863 WARN Table/View 'CONFIG_INFO_AGGR' already exists in Schema 'NACOS'.

2022-08-31 09:23:34,932 WARN Table/View 'APP_LIST' already exists in Schema 'NACOS'.

2022-08-31 09:23:35,006 WARN Table/View 'APP_CONFIGDATA_RELATION_SUBS' already exists in Schema 'NACOS'.

2022-08-31 09:23:35,082 WARN Table/View 'APP_CONFIGDATA_RELATION_PUBS' already exists in Schema 'NACOS'.

2022-08-31 09:23:35,151 WARN Table/View 'CONFIG_TAGS_RELATION' already exists in Schema 'NACOS'.

2022-08-31 09:23:35,232 WARN Table/View 'GROUP_CAPACITY' already exists in Schema 'NACOS'.

2022-08-31 09:23:35,315 WARN Table/View 'TENANT_CAPACITY' already exists in Schema 'NACOS'.

2022-08-31 09:23:35,391 WARN Table/View 'TENANT_INFO' already exists in Schema 'NACOS'.

2022-08-31 09:23:35,475 WARN Table/View 'USERS' already exists in Schema 'NACOS'.

2022-08-31 09:23:35,579 WARN Table/View 'ROLES' already exists in Schema 'NACOS'.

2022-08-31 09:23:35,667 WARN Table/View 'PERMISSIONS' already exists in Schema 'NACOS'.

2022-08-31 09:23:35,717 WARN The statement was aborted because it would have caused a duplicate key value in a unique or primary key constraint or unique index identified by 'SQL220830145913010' defined on 'USERS'.

2022-08-31 09:23:35,727 WARN The statement was aborted because it would have caused a duplicate key value in a unique or primary key constraint or unique index identified by 'UK_USERNAME_ROLE' defined on 'ROLES'.

2022-08-31 09:23:35,727 WARN Lexical error at line 4, column 13.  Encountered: "`" (96), after : "".

2022-08-31 09:23:35,727 WARN Lexical error at line 1, column 13.  Encountered: "`" (96), after : "".

2022-08-31 09:23:35,728 WARN Lexical error at line 1, column 13.  Encountered: "`" (96), after : "".

2022-08-31 09:23:35,728 WARN Lexical error at line 1, column 13.  Encountered: "`" (96), after : "".

2022-08-31 09:23:35,728 INFO use StandaloneDatabaseOperateImpl

2022-08-31 09:23:36,602 WARN DumpService start

2022-08-31 09:23:36,605 INFO start clear all config-info.

2022-08-31 09:23:36,605 WARN clear all config-info failed.

2022-08-31 09:23:36,605 WARN clear all config-info-tenant failed.

2022-08-31 09:23:36,612 INFO start clear all config-info-beta.

2022-08-31 09:23:36,612 WARN clear all config-info-beta failed.

2022-08-31 09:23:36,612 WARN clear all config-info-beta-tenant failed.

2022-08-31 09:23:36,617 INFO start clear all config-info-tag.

2022-08-31 09:23:36,617 WARN clear all config-info-tag failed.

2022-08-31 09:23:36,617 WARN clear all config-info-tag-tenant failed.

2022-08-31 14:10:49,914 INFO notifyConnectTimeout:200

2022-08-31 14:10:49,917 INFO notifySocketTimeout:8000

2022-08-31 14:10:49,917 INFO isHealthCheck:true

2022-08-31 14:10:49,917 INFO maxHealthCheckFailCount:12

2022-08-31 14:10:49,917 INFO maxContent:10485760

2022-08-31 14:10:49,917 INFO spring.datasource.platform:mysql

2022-08-31 14:11:03,090 WARN DumpService start

2022-08-31 14:11:03,091 INFO start clear all config-info.

2022-08-31 14:11:03,092 WARN clear all config-info failed.

2022-08-31 14:11:03,092 WARN clear all config-info-tenant failed.

2022-08-31 14:14:02,436 INFO notifyConnectTimeout:200

2022-08-31 14:14:02,438 INFO notifySocketTimeout:8000

2022-08-31 14:14:02,438 INFO isHealthCheck:true

2022-08-31 14:14:02,438 INFO maxHealthCheckFailCount:12

2022-08-31 14:14:02,438 INFO maxContent:10485760

2022-08-31 14:14:02,438 INFO spring.datasource.platform:mysql

2022-08-31 14:14:05,561 WARN DumpService start

2022-08-31 14:14:05,561 INFO start clear all config-info.

2022-08-31 14:14:05,562 WARN clear all config-info failed.

2022-08-31 14:14:05,562 WARN clear all config-info-tenant failed.

2022-08-31 14:14:05,563 INFO start clear all config-info-beta.

2022-08-31 14:14:05,564 WARN clear all config-info-beta failed.

2022-08-31 14:14:05,564 WARN clear all config-info-beta-tenant failed.

2022-08-31 14:14:05,565 INFO start clear all config-info-tag.

2022-08-31 14:14:05,565 WARN clear all config-info-tag failed.

2022-08-31 14:14:05,565 WARN clear all config-info-tag-tenant failed.

2022-08-31 14:14:23,766 INFO notifyConnectTimeout:200

2022-08-31 14:14:23,769 INFO notifySocketTimeout:8000

2022-08-31 14:14:23,769 INFO isHealthCheck:true

2022-08-31 14:14:23,769 INFO maxHealthCheckFailCount:12

2022-08-31 14:14:23,769 INFO maxContent:10485760

2022-08-31 14:14:23,769 INFO spring.datasource.platform:mysql

2022-08-31 14:14:26,884 WARN DumpService start

2022-08-31 14:14:26,884 INFO start clear all config-info.

2022-08-31 14:14:26,885 WARN clear all config-info failed.

2022-08-31 14:14:26,886 WARN clear all config-info-tenant failed.

2022-08-31 14:14:26,887 INFO start clear all config-info-beta.

2022-08-31 14:14:26,887 WARN clear all config-info-beta failed.

2022-08-31 14:14:26,887 WARN clear all config-info-beta-tenant failed.

2022-08-31 14:14:26,888 INFO start clear all config-info-tag.

2022-08-31 14:14:26,888 WARN clear all config-info-tag failed.

2022-08-31 14:14:26,888 WARN clear all config-info-tag-tenant failed.

2022-08-31 14:24:58,912 INFO notifyConnectTimeout:200

2022-08-31 14:24:58,915 INFO notifySocketTimeout:8000

2022-08-31 14:24:58,915 INFO isHealthCheck:true

2022-08-31 14:24:58,915 INFO maxHealthCheckFailCount:12

2022-08-31 14:24:58,915 INFO maxContent:10485760

2022-08-31 14:24:58,916 INFO spring.datasource.platform:mysql

2022-08-31 14:25:03,295 WARN DumpService start

2022-08-31 14:25:03,295 INFO start clear all config-info.

2022-08-31 14:25:03,296 WARN clear all config-info failed.

2022-08-31 14:25:03,296 WARN clear all config-info-tenant failed.

2022-08-31 14:25:03,298 INFO start clear all config-info-beta.

2022-08-31 14:25:03,298 WARN clear all config-info-beta failed.

2022-08-31 14:25:03,298 WARN clear all config-info-beta-tenant failed.

2022-08-31 14:25:03,299 INFO start clear all config-info-tag.

2022-08-31 14:25:03,299 WARN clear all config-info-tag failed.

2022-08-31 14:25:03,299 WARN clear all config-info-tag-tenant failed.

2022-08-31 14:25:03,301 WARN initialDelay:256

2022-08-31 14:27:22,515 INFO notifyConnectTimeout:200

2022-08-31 14:27:22,518 INFO notifySocketTimeout:8000

2022-08-31 14:27:22,518 INFO isHealthCheck:true

2022-08-31 14:27:22,518 INFO maxHealthCheckFailCount:12

2022-08-31 14:27:22,519 INFO maxContent:10485760

2022-08-31 14:27:22,519 INFO spring.datasource.platform:mysql

2022-08-31 14:27:26,996 WARN DumpService start

2022-08-31 14:27:26,996 INFO start clear all config-info.

2022-08-31 14:27:26,997 WARN clear all config-info failed.

2022-08-31 14:27:26,997 WARN clear all config-info-tenant failed.

2022-08-31 14:27:26,999 INFO start clear all config-info-beta.

2022-08-31 14:27:26,999 WARN clear all config-info-beta failed.

2022-08-31 14:27:26,999 WARN clear all config-info-beta-tenant failed.

2022-08-31 14:27:27,000 INFO start clear all config-info-tag.

2022-08-31 14:27:27,001 WARN clear all config-info-tag failed.

2022-08-31 14:27:27,001 WARN clear all config-info-tag-tenant failed.

2022-08-31 14:27:27,003 WARN initialDelay:312

