2022-08-31 09:24:06,639 INFO PERFORMANCE:|0|0|-1|-1

2022-08-31 09:29:06,654 INFO PERFORMANCE:|0|0|-1|-1

2022-08-31 09:34:06,665 INFO PERFORMANCE:|0|0|-1|-1

2022-08-31 09:39:06,667 INFO PERFORMANCE:|0|0|-1|-1

2022-08-31 09:44:06,672 INFO PERFORMANCE:|0|0|-1|-1

2022-08-31 09:49:06,679 INFO PERFORMANCE:|0|0|-1|-1

2022-08-31 09:54:06,680 INFO PERFORMANCE:|0|0|-1|-1

2022-08-31 09:59:06,692 INFO PERFORMANCE:|0|0|-1|-1

2022-08-31 10:04:06,696 INFO PERFORMANCE:|0|0|-1|-1

2022-08-31 10:09:06,700 INFO PERFORMANCE:|0|0|-1|-1

2022-08-31 10:14:06,704 INFO PERFORMANCE:|0|0|-1|-1

2022-08-31 10:19:06,718 INFO PERFORMANCE:|0|0|-1|-1

2022-08-31 10:24:06,731 INFO PERFORMANCE:|0|0|-1|-1

2022-08-31 10:29:06,748 INFO PERFORMANCE:|0|0|-1|-1

2022-08-31 10:34:06,752 INFO PERFORMANCE:|0|0|-1|-1

2022-08-31 10:39:06,766 INFO PERFORMANCE:|1|1|-1|-1

2022-08-31 10:44:06,768 INFO PERFORMANCE:|1|1|-1|-1

2022-08-31 10:49:06,772 INFO PERFORMANCE:|1|1|-1|-1

2022-08-31 10:54:06,787 INFO PERFORMANCE:|1|1|-1|-1

2022-08-31 10:59:06,799 INFO PERFORMANCE:|1|1|-1|-1

2022-08-31 11:04:06,799 INFO PERFORMANCE:|1|1|-1|-1

2022-08-31 11:09:06,800 INFO PERFORMANCE:|1|1|-1|-1

2022-08-31 11:14:06,814 INFO PERFORMANCE:|1|1|-1|-1

2022-08-31 11:19:06,824 INFO PERFORMANCE:|1|1|-1|-1

2022-08-31 11:24:06,825 INFO PERFORMANCE:|1|1|-1|-1

2022-08-31 11:29:06,830 INFO PERFORMANCE:|1|1|-1|-1

2022-08-31 11:34:06,831 INFO PERFORMANCE:|1|1|-1|-1

2022-08-31 11:39:06,839 INFO PERFORMANCE:|1|1|-1|-1

2022-08-31 11:44:06,841 INFO PERFORMANCE:|1|1|-1|-1

2022-08-31 11:49:06,852 INFO PERFORMANCE:|1|1|-1|-1

2022-08-31 11:54:06,858 INFO PERFORMANCE:|1|1|-1|-1

2022-08-31 11:59:06,858 INFO PERFORMANCE:|1|1|-1|-1

2022-08-31 12:04:06,868 INFO PERFORMANCE:|1|1|-1|-1

2022-08-31 12:09:06,869 INFO PERFORMANCE:|1|1|-1|-1

2022-08-31 12:14:06,878 INFO PERFORMANCE:|1|1|-1|-1

2022-08-31 12:19:06,893 INFO PERFORMANCE:|1|1|-1|-1

2022-08-31 12:24:06,907 INFO PERFORMANCE:|1|1|-1|-1

2022-08-31 12:29:06,919 INFO PERFORMANCE:|1|1|-1|-1

2022-08-31 12:34:06,920 INFO PERFORMANCE:|1|1|-1|-1

2022-08-31 12:39:06,934 INFO PERFORMANCE:|1|1|-1|-1

2022-08-31 12:44:06,941 INFO PERFORMANCE:|1|1|-1|-1

2022-08-31 12:49:06,943 INFO PERFORMANCE:|1|1|-1|-1

2022-08-31 12:54:06,944 INFO PERFORMANCE:|1|1|-1|-1

2022-08-31 12:59:06,947 INFO PERFORMANCE:|1|1|-1|-1

2022-08-31 13:04:06,963 INFO PERFORMANCE:|1|1|-1|-1

2022-08-31 13:09:06,968 INFO PERFORMANCE:|1|1|-1|-1

2022-08-31 13:14:06,979 INFO PERFORMANCE:|1|1|-1|-1

2022-08-31 13:19:06,992 INFO PERFORMANCE:|1|1|-1|-1

2022-08-31 13:24:06,993 INFO PERFORMANCE:|1|1|-1|-1

2022-08-31 13:29:06,995 INFO PERFORMANCE:|1|1|-1|-1

2022-08-31 13:34:07,011 INFO PERFORMANCE:|1|1|-1|-1

2022-08-31 13:39:07,024 INFO PERFORMANCE:|1|1|-1|-1

2022-08-31 13:44:07,038 INFO PERFORMANCE:|1|1|-1|-1

2022-08-31 13:49:07,047 INFO PERFORMANCE:|1|1|-1|-1

2022-08-31 13:54:07,049 INFO PERFORMANCE:|1|1|-1|-1

2022-08-31 13:59:07,061 INFO PERFORMANCE:|1|1|-1|-1

2022-08-31 14:04:07,064 INFO PERFORMANCE:|1|1|-1|-1

2022-08-31 14:15:25,005 INFO PERFORMANCE:|0|0|-1|-1

2022-08-31 14:20:25,011 INFO PERFORMANCE:|0|0|-1|-1

2022-08-31 14:25:14,495 INFO PERFORMANCE:|0|0|-1|-1

2022-08-31 14:28:04,017 INFO PERFORMANCE:|1|1|-1|-1

2022-08-31 14:33:04,029 INFO PERFORMANCE:|1|1|-1|-1

2022-08-31 14:38:04,036 INFO PERFORMANCE:|1|1|-1|-1

2022-08-31 14:43:04,041 INFO PERFORMANCE:|1|1|-1|-1

2022-08-31 14:48:04,051 INFO PERFORMANCE:|1|0|-1|-1

2022-08-31 14:53:04,060 INFO PERFORMANCE:|1|0|-1|-1

