2022-08-31 14:24:44,147 INFO [DISTRO-INIT] waiting distro data storage register...

2022-08-31 14:24:45,182 INFO [DISTRO-INIT] load snapshot com.alibaba.nacos.naming.iplist. from 127.0.0.1.8849:8848

2022-08-31 14:24:45,186 ERROR [DISTRO-INIT] load snapshot com.alibaba.nacos.naming.iplist. from 127.0.0.1.8849:8848 failed.

com.alibaba.nacos.core.distributed.distro.exception.DistroException: [DISTRO-EXCEPTION]Get snapshot from 127.0.0.1.8849:8848 failed.
	at com.alibaba.nacos.naming.consistency.ephemeral.distro.component.DistroHttpAgent.getDatumSnapshot(DistroHttpAgent.java:96)
	at com.alibaba.nacos.core.distributed.distro.task.load.DistroLoadDataTask.loadAllDataSnapshotFromRemote(DistroLoadDataTask.java:103)
	at com.alibaba.nacos.core.distributed.distro.task.load.DistroLoadDataTask.load(DistroLoadDataTask.java:87)
	at com.alibaba.nacos.core.distributed.distro.task.load.DistroLoadDataTask.run(DistroLoadDataTask.java:63)
	at java.util.concurrent.Executors$RunnableAdapter.call(Executors.java:511)
	at java.util.concurrent.FutureTask.run(FutureTask.java:266)
	at java.util.concurrent.ScheduledThreadPoolExecutor$ScheduledFutureTask.access$201(ScheduledThreadPoolExecutor.java:180)
	at java.util.concurrent.ScheduledThreadPoolExecutor$ScheduledFutureTask.run(ScheduledThreadPoolExecutor.java:293)
	at java.util.concurrent.ThreadPoolExecutor.runWorker(ThreadPoolExecutor.java:1142)
	at java.util.concurrent.ThreadPoolExecutor$Worker.run(ThreadPoolExecutor.java:617)
	at java.lang.Thread.run(Thread.java:745)
Caused by: java.io.IOException: failed to req API: http://127.0.0.1.8849:8848/nacos/v1/ns/distro/datums. code: 500 msg: java.net.UnknownHostException: 127.0.0.1.8849
	at com.alibaba.nacos.naming.misc.NamingProxy.getAllData(NamingProxy.java:150)
	at com.alibaba.nacos.naming.consistency.ephemeral.distro.component.DistroHttpAgent.getDatumSnapshot(DistroHttpAgent.java:93)
	... 10 common frames omitted
2022-08-31 14:24:45,187 INFO [DISTRO-INIT] load snapshot com.alibaba.nacos.naming.iplist. from 127.0.0.1.8850:8848

2022-08-31 14:24:45,188 ERROR [DISTRO-INIT] load snapshot com.alibaba.nacos.naming.iplist. from 127.0.0.1.8850:8848 failed.

com.alibaba.nacos.core.distributed.distro.exception.DistroException: [DISTRO-EXCEPTION]Get snapshot from 127.0.0.1.8850:8848 failed.
	at com.alibaba.nacos.naming.consistency.ephemeral.distro.component.DistroHttpAgent.getDatumSnapshot(DistroHttpAgent.java:96)
	at com.alibaba.nacos.core.distributed.distro.task.load.DistroLoadDataTask.loadAllDataSnapshotFromRemote(DistroLoadDataTask.java:103)
	at com.alibaba.nacos.core.distributed.distro.task.load.DistroLoadDataTask.load(DistroLoadDataTask.java:87)
	at com.alibaba.nacos.core.distributed.distro.task.load.DistroLoadDataTask.run(DistroLoadDataTask.java:63)
	at java.util.concurrent.Executors$RunnableAdapter.call(Executors.java:511)
	at java.util.concurrent.FutureTask.run(FutureTask.java:266)
	at java.util.concurrent.ScheduledThreadPoolExecutor$ScheduledFutureTask.access$201(ScheduledThreadPoolExecutor.java:180)
	at java.util.concurrent.ScheduledThreadPoolExecutor$ScheduledFutureTask.run(ScheduledThreadPoolExecutor.java:293)
	at java.util.concurrent.ThreadPoolExecutor.runWorker(ThreadPoolExecutor.java:1142)
	at java.util.concurrent.ThreadPoolExecutor$Worker.run(ThreadPoolExecutor.java:617)
	at java.lang.Thread.run(Thread.java:745)
Caused by: java.io.IOException: failed to req API: http://127.0.0.1.8850:8848/nacos/v1/ns/distro/datums. code: 500 msg: java.net.UnknownHostException: 127.0.0.1.8850
	at com.alibaba.nacos.naming.misc.NamingProxy.getAllData(NamingProxy.java:150)
	at com.alibaba.nacos.naming.consistency.ephemeral.distro.component.DistroHttpAgent.getDatumSnapshot(DistroHttpAgent.java:93)
	... 10 common frames omitted
2022-08-31 14:24:45,188 INFO [DISTRO-INIT] load snapshot com.alibaba.nacos.naming.iplist. from 127.0.0.1:8848

2022-08-31 14:24:47,228 ERROR [DISTRO-INIT] load snapshot com.alibaba.nacos.naming.iplist. from 127.0.0.1:8848 failed.

com.alibaba.nacos.core.distributed.distro.exception.DistroException: [DISTRO-EXCEPTION]Get snapshot from 127.0.0.1:8848 failed.
	at com.alibaba.nacos.naming.consistency.ephemeral.distro.component.DistroHttpAgent.getDatumSnapshot(DistroHttpAgent.java:96)
	at com.alibaba.nacos.core.distributed.distro.task.load.DistroLoadDataTask.loadAllDataSnapshotFromRemote(DistroLoadDataTask.java:103)
	at com.alibaba.nacos.core.distributed.distro.task.load.DistroLoadDataTask.load(DistroLoadDataTask.java:87)
	at com.alibaba.nacos.core.distributed.distro.task.load.DistroLoadDataTask.run(DistroLoadDataTask.java:63)
	at java.util.concurrent.Executors$RunnableAdapter.call(Executors.java:511)
	at java.util.concurrent.FutureTask.run(FutureTask.java:266)
	at java.util.concurrent.ScheduledThreadPoolExecutor$ScheduledFutureTask.access$201(ScheduledThreadPoolExecutor.java:180)
	at java.util.concurrent.ScheduledThreadPoolExecutor$ScheduledFutureTask.run(ScheduledThreadPoolExecutor.java:293)
	at java.util.concurrent.ThreadPoolExecutor.runWorker(ThreadPoolExecutor.java:1142)
	at java.util.concurrent.ThreadPoolExecutor$Worker.run(ThreadPoolExecutor.java:617)
	at java.lang.Thread.run(Thread.java:745)
Caused by: java.io.IOException: failed to req API: http://127.0.0.1:8848/nacos/v1/ns/distro/datums. code: 500 msg: org.apache.http.conn.HttpHostConnectException: Connect to 127.0.0.1:8848 [/127.0.0.1] failed: Connection refused: connect
	at com.alibaba.nacos.naming.misc.NamingProxy.getAllData(NamingProxy.java:150)
	at com.alibaba.nacos.naming.consistency.ephemeral.distro.component.DistroHttpAgent.getDatumSnapshot(DistroHttpAgent.java:93)
	... 10 common frames omitted
2022-08-31 14:24:47,228 INFO [DISTRO-INIT] load snapshot com.alibaba.nacos.naming.iplist. from 192.168.16.101:8847

2022-08-31 14:24:52,234 ERROR [DISTRO-INIT] load snapshot com.alibaba.nacos.naming.iplist. from 192.168.16.101:8847 failed.

com.alibaba.nacos.core.distributed.distro.exception.DistroException: [DISTRO-EXCEPTION]Get snapshot from 192.168.16.101:8847 failed.
	at com.alibaba.nacos.naming.consistency.ephemeral.distro.component.DistroHttpAgent.getDatumSnapshot(DistroHttpAgent.java:96)
	at com.alibaba.nacos.core.distributed.distro.task.load.DistroLoadDataTask.loadAllDataSnapshotFromRemote(DistroLoadDataTask.java:103)
	at com.alibaba.nacos.core.distributed.distro.task.load.DistroLoadDataTask.load(DistroLoadDataTask.java:87)
	at com.alibaba.nacos.core.distributed.distro.task.load.DistroLoadDataTask.run(DistroLoadDataTask.java:63)
	at java.util.concurrent.Executors$RunnableAdapter.call(Executors.java:511)
	at java.util.concurrent.FutureTask.run(FutureTask.java:266)
	at java.util.concurrent.ScheduledThreadPoolExecutor$ScheduledFutureTask.access$201(ScheduledThreadPoolExecutor.java:180)
	at java.util.concurrent.ScheduledThreadPoolExecutor$ScheduledFutureTask.run(ScheduledThreadPoolExecutor.java:293)
	at java.util.concurrent.ThreadPoolExecutor.runWorker(ThreadPoolExecutor.java:1142)
	at java.util.concurrent.ThreadPoolExecutor$Worker.run(ThreadPoolExecutor.java:617)
	at java.lang.Thread.run(Thread.java:745)
Caused by: java.io.IOException: failed to req API: http://192.168.16.101:8847/nacos/v1/ns/distro/datums. code: 500 msg: org.apache.http.conn.ConnectTimeoutException: Connect to 192.168.16.101:8847 [/192.168.16.101] failed: connect timed out
	at com.alibaba.nacos.naming.misc.NamingProxy.getAllData(NamingProxy.java:150)
	at com.alibaba.nacos.naming.consistency.ephemeral.distro.component.DistroHttpAgent.getDatumSnapshot(DistroHttpAgent.java:93)
	... 10 common frames omitted
2022-08-31 14:24:52,234 INFO [DISTRO-INIT] load snapshot com.alibaba.nacos.naming.iplist. from 192.168.16.102:8848

2022-08-31 14:24:57,237 ERROR [DISTRO-INIT] load snapshot com.alibaba.nacos.naming.iplist. from 192.168.16.102:8848 failed.

com.alibaba.nacos.core.distributed.distro.exception.DistroException: [DISTRO-EXCEPTION]Get snapshot from 192.168.16.102:8848 failed.
	at com.alibaba.nacos.naming.consistency.ephemeral.distro.component.DistroHttpAgent.getDatumSnapshot(DistroHttpAgent.java:96)
	at com.alibaba.nacos.core.distributed.distro.task.load.DistroLoadDataTask.loadAllDataSnapshotFromRemote(DistroLoadDataTask.java:103)
	at com.alibaba.nacos.core.distributed.distro.task.load.DistroLoadDataTask.load(DistroLoadDataTask.java:87)
	at com.alibaba.nacos.core.distributed.distro.task.load.DistroLoadDataTask.run(DistroLoadDataTask.java:63)
	at java.util.concurrent.Executors$RunnableAdapter.call(Executors.java:511)
	at java.util.concurrent.FutureTask.run(FutureTask.java:266)
	at java.util.concurrent.ScheduledThreadPoolExecutor$ScheduledFutureTask.access$201(ScheduledThreadPoolExecutor.java:180)
	at java.util.concurrent.ScheduledThreadPoolExecutor$ScheduledFutureTask.run(ScheduledThreadPoolExecutor.java:293)
	at java.util.concurrent.ThreadPoolExecutor.runWorker(ThreadPoolExecutor.java:1142)
	at java.util.concurrent.ThreadPoolExecutor$Worker.run(ThreadPoolExecutor.java:617)
	at java.lang.Thread.run(Thread.java:745)
Caused by: java.io.IOException: failed to req API: http://192.168.16.102:8848/nacos/v1/ns/distro/datums. code: 500 msg: org.apache.http.conn.ConnectTimeoutException: Connect to 192.168.16.102:8848 [/192.168.16.102] failed: connect timed out
	at com.alibaba.nacos.naming.misc.NamingProxy.getAllData(NamingProxy.java:150)
	at com.alibaba.nacos.naming.consistency.ephemeral.distro.component.DistroHttpAgent.getDatumSnapshot(DistroHttpAgent.java:93)
	... 10 common frames omitted
2022-08-31 14:24:57,238 INFO [DISTRO-INIT] load snapshot com.alibaba.nacos.naming.iplist. from 192.168.16.103:8848

2022-08-31 14:25:02,247 ERROR [DISTRO-INIT] load snapshot com.alibaba.nacos.naming.iplist. from 192.168.16.103:8848 failed.

com.alibaba.nacos.core.distributed.distro.exception.DistroException: [DISTRO-EXCEPTION]Get snapshot from 192.168.16.103:8848 failed.
	at com.alibaba.nacos.naming.consistency.ephemeral.distro.component.DistroHttpAgent.getDatumSnapshot(DistroHttpAgent.java:96)
	at com.alibaba.nacos.core.distributed.distro.task.load.DistroLoadDataTask.loadAllDataSnapshotFromRemote(DistroLoadDataTask.java:103)
	at com.alibaba.nacos.core.distributed.distro.task.load.DistroLoadDataTask.load(DistroLoadDataTask.java:87)
	at com.alibaba.nacos.core.distributed.distro.task.load.DistroLoadDataTask.run(DistroLoadDataTask.java:63)
	at java.util.concurrent.Executors$RunnableAdapter.call(Executors.java:511)
	at java.util.concurrent.FutureTask.run(FutureTask.java:266)
	at java.util.concurrent.ScheduledThreadPoolExecutor$ScheduledFutureTask.access$201(ScheduledThreadPoolExecutor.java:180)
	at java.util.concurrent.ScheduledThreadPoolExecutor$ScheduledFutureTask.run(ScheduledThreadPoolExecutor.java:293)
	at java.util.concurrent.ThreadPoolExecutor.runWorker(ThreadPoolExecutor.java:1142)
	at java.util.concurrent.ThreadPoolExecutor$Worker.run(ThreadPoolExecutor.java:617)
	at java.lang.Thread.run(Thread.java:745)
Caused by: java.io.IOException: failed to req API: http://192.168.16.103:8848/nacos/v1/ns/distro/datums. code: 500 msg: org.apache.http.conn.ConnectTimeoutException: Connect to 192.168.16.103:8848 [/192.168.16.103] failed: connect timed out
	at com.alibaba.nacos.naming.misc.NamingProxy.getAllData(NamingProxy.java:150)
	at com.alibaba.nacos.naming.consistency.ephemeral.distro.component.DistroHttpAgent.getDatumSnapshot(DistroHttpAgent.java:93)
	... 10 common frames omitted
2022-08-31 14:25:32,259 INFO [DISTRO-INIT] load snapshot com.alibaba.nacos.naming.iplist. from 127.0.0.1.8849:8848

2022-08-31 14:25:32,262 ERROR [DISTRO-INIT] load snapshot com.alibaba.nacos.naming.iplist. from 127.0.0.1.8849:8848 failed.

com.alibaba.nacos.core.distributed.distro.exception.DistroException: [DISTRO-EXCEPTION]Get snapshot from 127.0.0.1.8849:8848 failed.
	at com.alibaba.nacos.naming.consistency.ephemeral.distro.component.DistroHttpAgent.getDatumSnapshot(DistroHttpAgent.java:96)
	at com.alibaba.nacos.core.distributed.distro.task.load.DistroLoadDataTask.loadAllDataSnapshotFromRemote(DistroLoadDataTask.java:103)
	at com.alibaba.nacos.core.distributed.distro.task.load.DistroLoadDataTask.load(DistroLoadDataTask.java:87)
	at com.alibaba.nacos.core.distributed.distro.task.load.DistroLoadDataTask.run(DistroLoadDataTask.java:63)
	at java.util.concurrent.Executors$RunnableAdapter.call(Executors.java:511)
	at java.util.concurrent.FutureTask.run(FutureTask.java:266)
	at java.util.concurrent.ScheduledThreadPoolExecutor$ScheduledFutureTask.access$201(ScheduledThreadPoolExecutor.java:180)
	at java.util.concurrent.ScheduledThreadPoolExecutor$ScheduledFutureTask.run(ScheduledThreadPoolExecutor.java:293)
	at java.util.concurrent.ThreadPoolExecutor.runWorker(ThreadPoolExecutor.java:1142)
	at java.util.concurrent.ThreadPoolExecutor$Worker.run(ThreadPoolExecutor.java:617)
	at java.lang.Thread.run(Thread.java:745)
Caused by: java.io.IOException: failed to req API: http://127.0.0.1.8849:8848/nacos/v1/ns/distro/datums. code: 500 msg: java.net.UnknownHostException: 127.0.0.1.8849
	at com.alibaba.nacos.naming.misc.NamingProxy.getAllData(NamingProxy.java:150)
	at com.alibaba.nacos.naming.consistency.ephemeral.distro.component.DistroHttpAgent.getDatumSnapshot(DistroHttpAgent.java:93)
	... 10 common frames omitted
2022-08-31 14:25:32,262 INFO [DISTRO-INIT] load snapshot com.alibaba.nacos.naming.iplist. from 127.0.0.1.8850:8848

2022-08-31 14:25:32,263 ERROR [DISTRO-INIT] load snapshot com.alibaba.nacos.naming.iplist. from 127.0.0.1.8850:8848 failed.

com.alibaba.nacos.core.distributed.distro.exception.DistroException: [DISTRO-EXCEPTION]Get snapshot from 127.0.0.1.8850:8848 failed.
	at com.alibaba.nacos.naming.consistency.ephemeral.distro.component.DistroHttpAgent.getDatumSnapshot(DistroHttpAgent.java:96)
	at com.alibaba.nacos.core.distributed.distro.task.load.DistroLoadDataTask.loadAllDataSnapshotFromRemote(DistroLoadDataTask.java:103)
	at com.alibaba.nacos.core.distributed.distro.task.load.DistroLoadDataTask.load(DistroLoadDataTask.java:87)
	at com.alibaba.nacos.core.distributed.distro.task.load.DistroLoadDataTask.run(DistroLoadDataTask.java:63)
	at java.util.concurrent.Executors$RunnableAdapter.call(Executors.java:511)
	at java.util.concurrent.FutureTask.run(FutureTask.java:266)
	at java.util.concurrent.ScheduledThreadPoolExecutor$ScheduledFutureTask.access$201(ScheduledThreadPoolExecutor.java:180)
	at java.util.concurrent.ScheduledThreadPoolExecutor$ScheduledFutureTask.run(ScheduledThreadPoolExecutor.java:293)
	at java.util.concurrent.ThreadPoolExecutor.runWorker(ThreadPoolExecutor.java:1142)
	at java.util.concurrent.ThreadPoolExecutor$Worker.run(ThreadPoolExecutor.java:617)
	at java.lang.Thread.run(Thread.java:745)
Caused by: java.io.IOException: failed to req API: http://127.0.0.1.8850:8848/nacos/v1/ns/distro/datums. code: 500 msg: java.net.UnknownHostException: 127.0.0.1.8850
	at com.alibaba.nacos.naming.misc.NamingProxy.getAllData(NamingProxy.java:150)
	at com.alibaba.nacos.naming.consistency.ephemeral.distro.component.DistroHttpAgent.getDatumSnapshot(DistroHttpAgent.java:93)
	... 10 common frames omitted
2022-08-31 14:25:32,263 INFO [DISTRO-INIT] load snapshot com.alibaba.nacos.naming.iplist. from 127.0.0.1:8848

2022-08-31 14:25:32,313 INFO [DISTRO-INIT] load snapshot com.alibaba.nacos.naming.iplist. from 127.0.0.1:8848 result: true

2022-08-31 14:25:32,313 INFO [DISTRO-INIT] load snapshot data success

2022-08-31 14:25:39,554 INFO [DISTRO-START] DistroSyncChangeTask for DistroHttpCombinedKey-0{actualResourceTypes=[com.alibaba.nacos.naming.iplist.ephemeral.public##DEFAULT_GROUP@@config-client-a]} to 127.0.0.1:8848

2022-08-31 14:25:39,554 INFO [DISTRO-START] DistroSyncChangeTask for DistroHttpCombinedKey-0{actualResourceTypes=[com.alibaba.nacos.naming.iplist.ephemeral.public##DEFAULT_GROUP@@config-client-a]} to 192.168.16.103:8848

2022-08-31 14:25:39,554 INFO [DISTRO-START] DistroSyncChangeTask for DistroHttpCombinedKey-0{actualResourceTypes=[com.alibaba.nacos.naming.iplist.ephemeral.public##DEFAULT_GROUP@@config-client-a]} to 127.0.0.1.8849:8848

2022-08-31 14:25:39,554 INFO [DISTRO-START] DistroSyncChangeTask for DistroHttpCombinedKey-0{actualResourceTypes=[com.alibaba.nacos.naming.iplist.ephemeral.public##DEFAULT_GROUP@@config-client-a]} to 192.168.16.101:8847

2022-08-31 14:25:39,554 INFO [DISTRO-START] DistroSyncChangeTask for DistroHttpCombinedKey-0{actualResourceTypes=[com.alibaba.nacos.naming.iplist.ephemeral.public##DEFAULT_GROUP@@config-client-a]} to 127.0.0.1.8850:8848

2022-08-31 14:25:39,560 INFO [DISTRO-END] DistroSyncChangeTask for DistroHttpCombinedKey-0{actualResourceTypes=[com.alibaba.nacos.naming.iplist.ephemeral.public##DEFAULT_GROUP@@config-client-a]} to 127.0.0.1.8850:8848 result: false

2022-08-31 14:25:39,560 INFO [DISTRO-END] DistroSyncChangeTask for DistroHttpCombinedKey-0{actualResourceTypes=[com.alibaba.nacos.naming.iplist.ephemeral.public##DEFAULT_GROUP@@config-client-a]} to 127.0.0.1.8849:8848 result: false

2022-08-31 14:25:39,563 INFO [DISTRO-END] DistroSyncChangeTask for DistroHttpCombinedKey-0{actualResourceTypes=[com.alibaba.nacos.naming.iplist.ephemeral.public##DEFAULT_GROUP@@config-client-a]} to 127.0.0.1:8848 result: true

2022-08-31 14:25:45,644 INFO [DISTRO-START] DistroSyncChangeTask for DistroHttpCombinedKey-0{actualResourceTypes=[com.alibaba.nacos.naming.iplist.ephemeral.public##DEFAULT_GROUP@@config-client-a]} to 127.0.0.1.8849:8848

2022-08-31 14:25:45,644 INFO [DISTRO-START] DistroSyncChangeTask for DistroHttpCombinedKey-0{actualResourceTypes=[com.alibaba.nacos.naming.iplist.ephemeral.public##DEFAULT_GROUP@@config-client-a]} to 127.0.0.1.8850:8848

2022-08-31 14:25:45,645 INFO [DISTRO-END] DistroSyncChangeTask for DistroHttpCombinedKey-0{actualResourceTypes=[com.alibaba.nacos.naming.iplist.ephemeral.public##DEFAULT_GROUP@@config-client-a]} to 127.0.0.1.8849:8848 result: false

2022-08-31 14:25:45,645 INFO [DISTRO-END] DistroSyncChangeTask for DistroHttpCombinedKey-0{actualResourceTypes=[com.alibaba.nacos.naming.iplist.ephemeral.public##DEFAULT_GROUP@@config-client-a]} to 127.0.0.1.8850:8848 result: false

2022-08-31 14:25:51,848 INFO [DISTRO-START] DistroSyncChangeTask for DistroHttpCombinedKey-0{actualResourceTypes=[com.alibaba.nacos.naming.iplist.ephemeral.public##DEFAULT_GROUP@@config-client-a]} to 127.0.0.1.8850:8848

2022-08-31 14:25:51,848 INFO [DISTRO-START] DistroSyncChangeTask for DistroHttpCombinedKey-0{actualResourceTypes=[com.alibaba.nacos.naming.iplist.ephemeral.public##DEFAULT_GROUP@@config-client-a]} to 127.0.0.1.8849:8848

2022-08-31 14:25:51,849 INFO [DISTRO-END] DistroSyncChangeTask for DistroHttpCombinedKey-0{actualResourceTypes=[com.alibaba.nacos.naming.iplist.ephemeral.public##DEFAULT_GROUP@@config-client-a]} to 127.0.0.1.8850:8848 result: false

2022-08-31 14:25:51,849 INFO [DISTRO-END] DistroSyncChangeTask for DistroHttpCombinedKey-0{actualResourceTypes=[com.alibaba.nacos.naming.iplist.ephemeral.public##DEFAULT_GROUP@@config-client-a]} to 127.0.0.1.8849:8848 result: false

2022-08-31 14:25:58,001 INFO [DISTRO-START] DistroSyncChangeTask for DistroHttpCombinedKey-0{actualResourceTypes=[com.alibaba.nacos.naming.iplist.ephemeral.public##DEFAULT_GROUP@@config-client-a]} to 127.0.0.1.8850:8848

2022-08-31 14:25:58,001 INFO [DISTRO-START] DistroSyncChangeTask for DistroHttpCombinedKey-0{actualResourceTypes=[com.alibaba.nacos.naming.iplist.ephemeral.public##DEFAULT_GROUP@@config-client-a]} to 127.0.0.1.8849:8848

2022-08-31 14:25:58,001 INFO [DISTRO-END] DistroSyncChangeTask for DistroHttpCombinedKey-0{actualResourceTypes=[com.alibaba.nacos.naming.iplist.ephemeral.public##DEFAULT_GROUP@@config-client-a]} to 127.0.0.1.8850:8848 result: false

2022-08-31 14:25:58,001 INFO [DISTRO-END] DistroSyncChangeTask for DistroHttpCombinedKey-0{actualResourceTypes=[com.alibaba.nacos.naming.iplist.ephemeral.public##DEFAULT_GROUP@@config-client-a]} to 127.0.0.1.8849:8848 result: false

2022-08-31 14:26:00,599 INFO [DISTRO-END] DistroSyncChangeTask for DistroHttpCombinedKey-0{actualResourceTypes=[com.alibaba.nacos.naming.iplist.ephemeral.public##DEFAULT_GROUP@@config-client-a]} to 192.168.16.103:8848 result: false

2022-08-31 14:26:00,599 WARN distro task DistroSyncChangeTask for DistroHttpCombinedKey-0{actualResourceTypes=[com.alibaba.nacos.naming.iplist.ephemeral.public##DEFAULT_GROUP@@config-client-a]} to 192.168.16.103:8848 takes 21045ms

2022-08-31 14:26:00,599 INFO [DISTRO-END] DistroSyncChangeTask for DistroHttpCombinedKey-0{actualResourceTypes=[com.alibaba.nacos.naming.iplist.ephemeral.public##DEFAULT_GROUP@@config-client-a]} to 192.168.16.101:8847 result: false

2022-08-31 14:26:00,599 WARN distro task DistroSyncChangeTask for DistroHttpCombinedKey-0{actualResourceTypes=[com.alibaba.nacos.naming.iplist.ephemeral.public##DEFAULT_GROUP@@config-client-a]} to 192.168.16.101:8847 takes 21045ms

2022-08-31 14:26:00,599 INFO [DISTRO-START] DistroSyncChangeTask for DistroHttpCombinedKey-0{actualResourceTypes=[com.alibaba.nacos.naming.iplist.ephemeral.public##DEFAULT_GROUP@@config-client-a]} to 192.168.16.102:8848

2022-08-31 14:26:04,095 INFO [DISTRO-START] DistroSyncChangeTask for DistroHttpCombinedKey-0{actualResourceTypes=[com.alibaba.nacos.naming.iplist.ephemeral.public##DEFAULT_GROUP@@config-client-a]} to 127.0.0.1.8850:8848

2022-08-31 14:26:04,095 INFO [DISTRO-START] DistroSyncChangeTask for DistroHttpCombinedKey-0{actualResourceTypes=[com.alibaba.nacos.naming.iplist.ephemeral.public##DEFAULT_GROUP@@config-client-a]} to 127.0.0.1.8849:8848

2022-08-31 14:26:04,097 INFO [DISTRO-END] DistroSyncChangeTask for DistroHttpCombinedKey-0{actualResourceTypes=[com.alibaba.nacos.naming.iplist.ephemeral.public##DEFAULT_GROUP@@config-client-a]} to 127.0.0.1.8849:8848 result: false

2022-08-31 14:26:04,097 INFO [DISTRO-END] DistroSyncChangeTask for DistroHttpCombinedKey-0{actualResourceTypes=[com.alibaba.nacos.naming.iplist.ephemeral.public##DEFAULT_GROUP@@config-client-a]} to 127.0.0.1.8850:8848 result: false

2022-08-31 14:26:06,706 INFO [DISTRO-START] DistroSyncChangeTask for DistroHttpCombinedKey-0{actualResourceTypes=[com.alibaba.nacos.naming.iplist.ephemeral.public##DEFAULT_GROUP@@config-client-a]} to 192.168.16.103:8848

2022-08-31 14:26:10,186 INFO [DISTRO-START] DistroSyncChangeTask for DistroHttpCombinedKey-0{actualResourceTypes=[com.alibaba.nacos.naming.iplist.ephemeral.public##DEFAULT_GROUP@@config-client-a]} to 127.0.0.1.8850:8848

2022-08-31 14:26:10,186 INFO [DISTRO-START] DistroSyncChangeTask for DistroHttpCombinedKey-0{actualResourceTypes=[com.alibaba.nacos.naming.iplist.ephemeral.public##DEFAULT_GROUP@@config-client-a]} to 127.0.0.1.8849:8848

2022-08-31 14:26:10,187 INFO [DISTRO-END] DistroSyncChangeTask for DistroHttpCombinedKey-0{actualResourceTypes=[com.alibaba.nacos.naming.iplist.ephemeral.public##DEFAULT_GROUP@@config-client-a]} to 127.0.0.1.8849:8848 result: false

2022-08-31 14:26:10,188 INFO [DISTRO-END] DistroSyncChangeTask for DistroHttpCombinedKey-0{actualResourceTypes=[com.alibaba.nacos.naming.iplist.ephemeral.public##DEFAULT_GROUP@@config-client-a]} to 127.0.0.1.8850:8848 result: false

2022-08-31 14:26:16,385 INFO [DISTRO-START] DistroSyncChangeTask for DistroHttpCombinedKey-0{actualResourceTypes=[com.alibaba.nacos.naming.iplist.ephemeral.public##DEFAULT_GROUP@@config-client-a]} to 127.0.0.1.8849:8848

2022-08-31 14:26:16,385 INFO [DISTRO-START] DistroSyncChangeTask for DistroHttpCombinedKey-0{actualResourceTypes=[com.alibaba.nacos.naming.iplist.ephemeral.public##DEFAULT_GROUP@@config-client-a]} to 127.0.0.1.8850:8848

2022-08-31 14:26:16,387 INFO [DISTRO-END] DistroSyncChangeTask for DistroHttpCombinedKey-0{actualResourceTypes=[com.alibaba.nacos.naming.iplist.ephemeral.public##DEFAULT_GROUP@@config-client-a]} to 127.0.0.1.8850:8848 result: false

2022-08-31 14:26:16,387 INFO [DISTRO-END] DistroSyncChangeTask for DistroHttpCombinedKey-0{actualResourceTypes=[com.alibaba.nacos.naming.iplist.ephemeral.public##DEFAULT_GROUP@@config-client-a]} to 127.0.0.1.8849:8848 result: false

2022-08-31 14:26:21,649 INFO [DISTRO-END] DistroSyncChangeTask for DistroHttpCombinedKey-0{actualResourceTypes=[com.alibaba.nacos.naming.iplist.ephemeral.public##DEFAULT_GROUP@@config-client-a]} to 192.168.16.102:8848 result: false

2022-08-31 14:26:21,649 WARN distro task DistroSyncChangeTask for DistroHttpCombinedKey-0{actualResourceTypes=[com.alibaba.nacos.naming.iplist.ephemeral.public##DEFAULT_GROUP@@config-client-a]} to 192.168.16.102:8848 takes 21050ms

2022-08-31 14:26:21,649 INFO [DISTRO-START] DistroSyncChangeTask for DistroHttpCombinedKey-0{actualResourceTypes=[com.alibaba.nacos.naming.iplist.ephemeral.public##DEFAULT_GROUP@@config-client-a]} to 192.168.16.101:8847

2022-08-31 14:26:22,584 INFO [DISTRO-START] DistroSyncChangeTask for DistroHttpCombinedKey-0{actualResourceTypes=[com.alibaba.nacos.naming.iplist.ephemeral.public##DEFAULT_GROUP@@config-client-a]} to 127.0.0.1.8849:8848

2022-08-31 14:26:22,584 INFO [DISTRO-START] DistroSyncChangeTask for DistroHttpCombinedKey-0{actualResourceTypes=[com.alibaba.nacos.naming.iplist.ephemeral.public##DEFAULT_GROUP@@config-client-a]} to 127.0.0.1.8850:8848

2022-08-31 14:26:22,585 INFO [DISTRO-END] DistroSyncChangeTask for DistroHttpCombinedKey-0{actualResourceTypes=[com.alibaba.nacos.naming.iplist.ephemeral.public##DEFAULT_GROUP@@config-client-a]} to 127.0.0.1.8849:8848 result: false

2022-08-31 14:26:22,585 INFO [DISTRO-END] DistroSyncChangeTask for DistroHttpCombinedKey-0{actualResourceTypes=[com.alibaba.nacos.naming.iplist.ephemeral.public##DEFAULT_GROUP@@config-client-a]} to 127.0.0.1.8850:8848 result: false

2022-08-31 14:26:27,751 INFO [DISTRO-END] DistroSyncChangeTask for DistroHttpCombinedKey-0{actualResourceTypes=[com.alibaba.nacos.naming.iplist.ephemeral.public##DEFAULT_GROUP@@config-client-a]} to 192.168.16.103:8848 result: false

2022-08-31 14:26:27,751 WARN distro task DistroSyncChangeTask for DistroHttpCombinedKey-0{actualResourceTypes=[com.alibaba.nacos.naming.iplist.ephemeral.public##DEFAULT_GROUP@@config-client-a]} to 192.168.16.103:8848 takes 21045ms

2022-08-31 14:26:28,769 INFO [DISTRO-START] DistroSyncChangeTask for DistroHttpCombinedKey-0{actualResourceTypes=[com.alibaba.nacos.naming.iplist.ephemeral.public##DEFAULT_GROUP@@config-client-a]} to 127.0.0.1.8849:8848

2022-08-31 14:26:28,769 INFO [DISTRO-START] DistroSyncChangeTask for DistroHttpCombinedKey-0{actualResourceTypes=[com.alibaba.nacos.naming.iplist.ephemeral.public##DEFAULT_GROUP@@config-client-a]} to 127.0.0.1.8850:8848

2022-08-31 14:26:28,770 INFO [DISTRO-END] DistroSyncChangeTask for DistroHttpCombinedKey-0{actualResourceTypes=[com.alibaba.nacos.naming.iplist.ephemeral.public##DEFAULT_GROUP@@config-client-a]} to 127.0.0.1.8850:8848 result: false

2022-08-31 14:26:28,770 INFO [DISTRO-END] DistroSyncChangeTask for DistroHttpCombinedKey-0{actualResourceTypes=[com.alibaba.nacos.naming.iplist.ephemeral.public##DEFAULT_GROUP@@config-client-a]} to 127.0.0.1.8849:8848 result: false

2022-08-31 14:26:33,870 INFO [DISTRO-START] DistroSyncChangeTask for DistroHttpCombinedKey-0{actualResourceTypes=[com.alibaba.nacos.naming.iplist.ephemeral.public##DEFAULT_GROUP@@config-client-a]} to 192.168.16.103:8848

2022-08-31 14:26:34,956 INFO [DISTRO-START] DistroSyncChangeTask for DistroHttpCombinedKey-0{actualResourceTypes=[com.alibaba.nacos.naming.iplist.ephemeral.public##DEFAULT_GROUP@@config-client-a]} to 127.0.0.1.8849:8848

2022-08-31 14:26:34,956 INFO [DISTRO-START] DistroSyncChangeTask for DistroHttpCombinedKey-0{actualResourceTypes=[com.alibaba.nacos.naming.iplist.ephemeral.public##DEFAULT_GROUP@@config-client-a]} to 127.0.0.1.8850:8848

2022-08-31 14:26:34,957 INFO [DISTRO-END] DistroSyncChangeTask for DistroHttpCombinedKey-0{actualResourceTypes=[com.alibaba.nacos.naming.iplist.ephemeral.public##DEFAULT_GROUP@@config-client-a]} to 127.0.0.1.8849:8848 result: false

2022-08-31 14:26:34,957 INFO [DISTRO-END] DistroSyncChangeTask for DistroHttpCombinedKey-0{actualResourceTypes=[com.alibaba.nacos.naming.iplist.ephemeral.public##DEFAULT_GROUP@@config-client-a]} to 127.0.0.1.8850:8848 result: false

2022-08-31 14:26:41,062 INFO [DISTRO-START] DistroSyncChangeTask for DistroHttpCombinedKey-0{actualResourceTypes=[com.alibaba.nacos.naming.iplist.ephemeral.public##DEFAULT_GROUP@@config-client-a]} to 127.0.0.1.8849:8848

2022-08-31 14:26:41,062 INFO [DISTRO-START] DistroSyncChangeTask for DistroHttpCombinedKey-0{actualResourceTypes=[com.alibaba.nacos.naming.iplist.ephemeral.public##DEFAULT_GROUP@@config-client-a]} to 127.0.0.1.8850:8848

2022-08-31 14:26:41,063 INFO [DISTRO-END] DistroSyncChangeTask for DistroHttpCombinedKey-0{actualResourceTypes=[com.alibaba.nacos.naming.iplist.ephemeral.public##DEFAULT_GROUP@@config-client-a]} to 127.0.0.1.8849:8848 result: false

2022-08-31 14:26:41,064 INFO [DISTRO-END] DistroSyncChangeTask for DistroHttpCombinedKey-0{actualResourceTypes=[com.alibaba.nacos.naming.iplist.ephemeral.public##DEFAULT_GROUP@@config-client-a]} to 127.0.0.1.8850:8848 result: false

2022-08-31 14:26:42,691 INFO [DISTRO-END] DistroSyncChangeTask for DistroHttpCombinedKey-0{actualResourceTypes=[com.alibaba.nacos.naming.iplist.ephemeral.public##DEFAULT_GROUP@@config-client-a]} to 192.168.16.101:8847 result: false

2022-08-31 14:26:42,691 WARN distro task DistroSyncChangeTask for DistroHttpCombinedKey-0{actualResourceTypes=[com.alibaba.nacos.naming.iplist.ephemeral.public##DEFAULT_GROUP@@config-client-a]} to 192.168.16.101:8847 takes 21042ms

2022-08-31 14:26:42,691 INFO [DISTRO-START] DistroSyncChangeTask for DistroHttpCombinedKey-0{actualResourceTypes=[com.alibaba.nacos.naming.iplist.ephemeral.public##DEFAULT_GROUP@@config-client-a]} to 192.168.16.102:8848

2022-08-31 14:26:47,258 INFO [DISTRO-START] DistroSyncChangeTask for DistroHttpCombinedKey-0{actualResourceTypes=[com.alibaba.nacos.naming.iplist.ephemeral.public##DEFAULT_GROUP@@config-client-a]} to 127.0.0.1.8849:8848

2022-08-31 14:26:47,258 INFO [DISTRO-START] DistroSyncChangeTask for DistroHttpCombinedKey-0{actualResourceTypes=[com.alibaba.nacos.naming.iplist.ephemeral.public##DEFAULT_GROUP@@config-client-a]} to 127.0.0.1.8850:8848

2022-08-31 14:26:47,260 INFO [DISTRO-END] DistroSyncChangeTask for DistroHttpCombinedKey-0{actualResourceTypes=[com.alibaba.nacos.naming.iplist.ephemeral.public##DEFAULT_GROUP@@config-client-a]} to 127.0.0.1.8849:8848 result: false

2022-08-31 14:26:47,260 INFO [DISTRO-END] DistroSyncChangeTask for DistroHttpCombinedKey-0{actualResourceTypes=[com.alibaba.nacos.naming.iplist.ephemeral.public##DEFAULT_GROUP@@config-client-a]} to 127.0.0.1.8850:8848 result: false

2022-08-31 14:26:53,367 INFO [DISTRO-START] DistroSyncChangeTask for DistroHttpCombinedKey-0{actualResourceTypes=[com.alibaba.nacos.naming.iplist.ephemeral.public##DEFAULT_GROUP@@config-client-a]} to 127.0.0.1.8849:8848

2022-08-31 14:26:53,367 INFO [DISTRO-START] DistroSyncChangeTask for DistroHttpCombinedKey-0{actualResourceTypes=[com.alibaba.nacos.naming.iplist.ephemeral.public##DEFAULT_GROUP@@config-client-a]} to 127.0.0.1.8850:8848

2022-08-31 14:26:53,368 INFO [DISTRO-END] DistroSyncChangeTask for DistroHttpCombinedKey-0{actualResourceTypes=[com.alibaba.nacos.naming.iplist.ephemeral.public##DEFAULT_GROUP@@config-client-a]} to 127.0.0.1.8850:8848 result: false

2022-08-31 14:26:53,368 INFO [DISTRO-END] DistroSyncChangeTask for DistroHttpCombinedKey-0{actualResourceTypes=[com.alibaba.nacos.naming.iplist.ephemeral.public##DEFAULT_GROUP@@config-client-a]} to 127.0.0.1.8849:8848 result: false

2022-08-31 14:26:54,899 INFO [DISTRO-END] DistroSyncChangeTask for DistroHttpCombinedKey-0{actualResourceTypes=[com.alibaba.nacos.naming.iplist.ephemeral.public##DEFAULT_GROUP@@config-client-a]} to 192.168.16.103:8848 result: false

2022-08-31 14:26:54,899 WARN distro task DistroSyncChangeTask for DistroHttpCombinedKey-0{actualResourceTypes=[com.alibaba.nacos.naming.iplist.ephemeral.public##DEFAULT_GROUP@@config-client-a]} to 192.168.16.103:8848 takes 21029ms

2022-08-31 14:26:59,482 INFO [DISTRO-START] DistroSyncChangeTask for DistroHttpCombinedKey-0{actualResourceTypes=[com.alibaba.nacos.naming.iplist.ephemeral.public##DEFAULT_GROUP@@config-client-a]} to 127.0.0.1.8849:8848

2022-08-31 14:26:59,482 INFO [DISTRO-START] DistroSyncChangeTask for DistroHttpCombinedKey-0{actualResourceTypes=[com.alibaba.nacos.naming.iplist.ephemeral.public##DEFAULT_GROUP@@config-client-a]} to 127.0.0.1.8850:8848

2022-08-31 14:26:59,483 INFO [DISTRO-END] DistroSyncChangeTask for DistroHttpCombinedKey-0{actualResourceTypes=[com.alibaba.nacos.naming.iplist.ephemeral.public##DEFAULT_GROUP@@config-client-a]} to 127.0.0.1.8850:8848 result: true

2022-08-31 14:26:59,483 INFO [DISTRO-END] DistroSyncChangeTask for DistroHttpCombinedKey-0{actualResourceTypes=[com.alibaba.nacos.naming.iplist.ephemeral.public##DEFAULT_GROUP@@config-client-a]} to 127.0.0.1.8849:8848 result: true

2022-08-31 14:27:01,013 INFO [DISTRO-START] DistroSyncChangeTask for DistroHttpCombinedKey-0{actualResourceTypes=[com.alibaba.nacos.naming.iplist.ephemeral.public##DEFAULT_GROUP@@config-client-a]} to 192.168.16.103:8848

2022-08-31 14:27:01,013 INFO [DISTRO-END] DistroSyncChangeTask for DistroHttpCombinedKey-0{actualResourceTypes=[com.alibaba.nacos.naming.iplist.ephemeral.public##DEFAULT_GROUP@@config-client-a]} to 192.168.16.103:8848 result: true

2022-08-31 14:27:03,738 INFO [DISTRO-END] DistroSyncChangeTask for DistroHttpCombinedKey-0{actualResourceTypes=[com.alibaba.nacos.naming.iplist.ephemeral.public##DEFAULT_GROUP@@config-client-a]} to 192.168.16.102:8848 result: false

2022-08-31 14:27:03,738 WARN distro task DistroSyncChangeTask for DistroHttpCombinedKey-0{actualResourceTypes=[com.alibaba.nacos.naming.iplist.ephemeral.public##DEFAULT_GROUP@@config-client-a]} to 192.168.16.102:8848 takes 21047ms

2022-08-31 14:27:03,738 INFO [DISTRO-START] DistroSyncChangeTask for DistroHttpCombinedKey-0{actualResourceTypes=[com.alibaba.nacos.naming.iplist.ephemeral.public##DEFAULT_GROUP@@config-client-a]} to 192.168.16.101:8847

2022-08-31 14:27:03,739 INFO [DISTRO-END] DistroSyncChangeTask for DistroHttpCombinedKey-0{actualResourceTypes=[com.alibaba.nacos.naming.iplist.ephemeral.public##DEFAULT_GROUP@@config-client-a]} to 192.168.16.101:8847 result: true

2022-08-31 14:27:09,880 INFO [DISTRO-START] DistroSyncChangeTask for DistroHttpCombinedKey-0{actualResourceTypes=[com.alibaba.nacos.naming.iplist.ephemeral.public##DEFAULT_GROUP@@config-client-a]} to 192.168.16.102:8848

2022-08-31 14:27:09,880 INFO [DISTRO-END] DistroSyncChangeTask for DistroHttpCombinedKey-0{actualResourceTypes=[com.alibaba.nacos.naming.iplist.ephemeral.public##DEFAULT_GROUP@@config-client-a]} to 192.168.16.102:8848 result: true

2022-08-31 14:27:33,655 INFO [DISTRO-INIT] waiting distro data storage register...

2022-08-31 14:27:34,670 INFO [DISTRO-INIT] load snapshot com.alibaba.nacos.naming.iplist. from 127.0.0.1:8848

2022-08-31 14:27:34,983 INFO [DISTRO-INIT] load snapshot com.alibaba.nacos.naming.iplist. from 127.0.0.1:8848 result: true

2022-08-31 14:27:34,984 INFO [DISTRO-INIT] load snapshot data success

